[DEBUG] 2024-07-25 20:48:50.220 [main] PackageRelationshipCollection - Parsing relationship: /xl/_rels/workbook.xml.rels
[DEBUG] 2024-07-25 20:48:50.239 [main] PackageRelationshipCollection - Parsing relationship: /_rels/.rels
[TRACE] 2024-07-25 20:48:50.563 [main] XBeanDebug - Loading type system org.apache.poi.schemas.ooxml.system.ooxml
[TRACE] 2024-07-25 20:48:50.570 [main] XBeanDebug - Loading type system org.apache.xmlbeans.metadata.system.sXMLCONFIG
[TRACE] 2024-07-25 20:48:50.572 [main] XBeanDebug - Loading type system org.apache.xmlbeans.metadata.system.sXMLLANG
[TRACE] 2024-07-25 20:48:50.573 [main] XBeanDebug - Loading type system org.apache.xmlbeans.metadata.system.sXMLSCHEMA
[TRACE] 2024-07-25 20:48:50.574 [main] XBeanDebug - Loading type system org.apache.xmlbeans.metadata.system.sXMLTOOLS
[TRACE] 2024-07-25 20:48:50.576 [main] XBeanDebug - Reading unresolved handles for type system org.apache.xmlbeans.metadata.system.sXMLTOOLS
[TRACE] 2024-07-25 20:48:50.603 [main] XBeanDebug - Finished loading type system org.apache.xmlbeans.metadata.system.sXMLTOOLS
[TRACE] 2024-07-25 20:48:50.605 [main] XBeanDebug - Reading unresolved handles for type system org.apache.xmlbeans.metadata.system.sXMLSCHEMA
[TRACE] 2024-07-25 20:48:50.619 [main] XBeanDebug - Finished loading type system org.apache.xmlbeans.metadata.system.sXMLSCHEMA
[TRACE] 2024-07-25 20:48:50.621 [main] XBeanDebug - Reading unresolved handles for type system org.apache.xmlbeans.metadata.system.sXMLLANG
[TRACE] 2024-07-25 20:48:50.626 [main] XBeanDebug - Finished loading type system org.apache.xmlbeans.metadata.system.sXMLLANG
[TRACE] 2024-07-25 20:48:50.629 [main] XBeanDebug - Reading unresolved handles for type system org.apache.xmlbeans.metadata.system.sXMLCONFIG
[TRACE] 2024-07-25 20:48:50.631 [main] XBeanDebug - Finished loading type system org.apache.xmlbeans.metadata.system.sXMLCONFIG
[TRACE] 2024-07-25 20:48:50.633 [main] XBeanDebug - Reading unresolved handles for type system org.apache.poi.schemas.ooxml.system.ooxml
[TRACE] 2024-07-25 20:48:50.760 [main] XBeanDebug - Finished loading type system org.apache.poi.schemas.ooxml.system.ooxml
[TRACE] 2024-07-25 20:48:50.762 [main] XBeanDebug - Resolving type for handle themefd26doctype
[TRACE] 2024-07-25 20:48:50.860 [main] XBeanDebug - Resolving type for handle stylesheet5d8bdoctype
[TRACE] 2024-07-25 20:48:50.872 [main] XBeanDebug - Resolving type for handle ctstylesheet4257type
[TRACE] 2024-07-25 20:48:50.880 [main] XBeanDebug - Resolving type for handle ctfonts6623type
[TRACE] 2024-07-25 20:48:50.885 [main] XBeanDebug - Resolving type for handle ctfont14d8type
[TRACE] 2024-07-25 20:48:50.896 [main] XBeanDebug - Resolving type for handle ctfills2c6ftype
[TRACE] 2024-07-25 20:48:50.900 [main] XBeanDebug - Resolving type for handle ctfill550ctype
[TRACE] 2024-07-25 20:48:50.912 [main] XBeanDebug - Resolving type for handle ctborders0d66type
[TRACE] 2024-07-25 20:48:50.916 [main] XBeanDebug - Resolving type for handle ctborderf935type
[TRACE] 2024-07-25 20:48:50.921 [main] XBeanDebug - Resolving type for handle ctcellxfs1322type
[TRACE] 2024-07-25 20:48:50.926 [main] XBeanDebug - Resolving type for handle ctxf97f7type
[TRACE] 2024-07-25 20:48:50.931 [main] XBeanDebug - Resolving type for handle ctcellstylexfsa81ftype
[TRACE] 2024-07-25 20:48:50.934 [main] XBeanDebug - Resolving type for handle ctdxfsb26atype
[TRACE] 2024-07-25 20:48:50.938 [main] XBeanDebug - Resolving type for handle cttablestyles872ftype
[TRACE] 2024-07-25 20:48:50.945 [main] XBeanDebug - Resolving type for handle sstf81fdoctype
[TRACE] 2024-07-25 20:48:50.953 [main] XBeanDebug - Resolving type for handle ctsst44f3type
[TRACE] 2024-07-25 20:48:50.973 [main] XBeanDebug - Resolving type for handle ctrsta472type
[TRACE] 2024-07-25 20:48:50.997 [main] XBeanDebug - Resolving type for handle workbookec17doctype
[TRACE] 2024-07-25 20:48:51.008 [main] XBeanDebug - Resolving type for handle ctworkbook83c3type
[TRACE] 2024-07-25 20:48:51.016 [main] XBeanDebug - Resolving type for handle ctsheets49fdtype
[TRACE] 2024-07-25 20:48:51.021 [main] XBeanDebug - Resolving type for handle ctsheet4dbetype
[TRACE] 2024-07-25 20:48:51.026 [main] XBeanDebug - Resolving type for handle strelationshipid1e94type
[TRACE] 2024-07-25 20:48:51.031 [main] XBeanDebug - Resolving type for handle worksheetf539doctype
[TRACE] 2024-07-25 20:48:51.042 [main] XBeanDebug - Resolving type for handle ctworksheet530dtype
[TRACE] 2024-07-25 20:48:51.061 [main] XBeanDebug - Resolving type for handle ctcols627ctype
[TRACE] 2024-07-25 20:48:51.074 [main] XBeanDebug - Resolving type for handle ctcola95ftype
[TRACE] 2024-07-25 20:48:51.108 [main] XBeanDebug - Resolving type for handle ctsheetdata8408type
[TRACE] 2024-07-25 20:48:51.114 [main] XBeanDebug - Resolving type for handle ctrowdd39type
[TRACE] 2024-07-25 20:48:51.125 [main] XBeanDebug - Resolving type for handle ctcell842btype
[TRACE] 2024-07-25 20:48:51.139 [main] XBeanDebug - Resolving type for handle stcellrefe4e0type
[TRACE] 2024-07-25 20:48:51.150 [main] XBeanDebug - Resolving type for handle stxstringf179type
[DEBUG] 2024-07-25 20:55:54.384 [main] PackageRelationshipCollection - Parsing relationship: /xl/_rels/workbook.xml.rels
[DEBUG] 2024-07-25 20:55:54.396 [main] PackageRelationshipCollection - Parsing relationship: /_rels/.rels
[TRACE] 2024-07-25 20:55:54.700 [main] XBeanDebug - Loading type system org.apache.poi.schemas.ooxml.system.ooxml
[TRACE] 2024-07-25 20:55:54.705 [main] XBeanDebug - Loading type system org.apache.xmlbeans.metadata.system.sXMLCONFIG
[TRACE] 2024-07-25 20:55:54.707 [main] XBeanDebug - Loading type system org.apache.xmlbeans.metadata.system.sXMLLANG
[TRACE] 2024-07-25 20:55:54.709 [main] XBeanDebug - Loading type system org.apache.xmlbeans.metadata.system.sXMLSCHEMA
[TRACE] 2024-07-25 20:55:54.710 [main] XBeanDebug - Loading type system org.apache.xmlbeans.metadata.system.sXMLTOOLS
[TRACE] 2024-07-25 20:55:54.713 [main] XBeanDebug - Reading unresolved handles for type system org.apache.xmlbeans.metadata.system.sXMLTOOLS
[TRACE] 2024-07-25 20:55:54.738 [main] XBeanDebug - Finished loading type system org.apache.xmlbeans.metadata.system.sXMLTOOLS
[TRACE] 2024-07-25 20:55:54.753 [main] XBeanDebug - Reading unresolved handles for type system org.apache.xmlbeans.metadata.system.sXMLSCHEMA
[TRACE] 2024-07-25 20:55:54.774 [main] XBeanDebug - Finished loading type system org.apache.xmlbeans.metadata.system.sXMLSCHEMA
[TRACE] 2024-07-25 20:55:54.776 [main] XBeanDebug - Reading unresolved handles for type system org.apache.xmlbeans.metadata.system.sXMLLANG
[TRACE] 2024-07-25 20:55:54.781 [main] XBeanDebug - Finished loading type system org.apache.xmlbeans.metadata.system.sXMLLANG
[TRACE] 2024-07-25 20:55:54.783 [main] XBeanDebug - Reading unresolved handles for type system org.apache.xmlbeans.metadata.system.sXMLCONFIG
[TRACE] 2024-07-25 20:55:54.786 [main] XBeanDebug - Finished loading type system org.apache.xmlbeans.metadata.system.sXMLCONFIG
[TRACE] 2024-07-25 20:55:54.787 [main] XBeanDebug - Reading unresolved handles for type system org.apache.poi.schemas.ooxml.system.ooxml
[TRACE] 2024-07-25 20:55:54.936 [main] XBeanDebug - Finished loading type system org.apache.poi.schemas.ooxml.system.ooxml
[TRACE] 2024-07-25 20:55:54.937 [main] XBeanDebug - Resolving type for handle themefd26doctype
[TRACE] 2024-07-25 20:55:55.052 [main] XBeanDebug - Resolving type for handle stylesheet5d8bdoctype
[TRACE] 2024-07-25 20:55:55.068 [main] XBeanDebug - Resolving type for handle ctstylesheet4257type
[TRACE] 2024-07-25 20:55:55.077 [main] XBeanDebug - Resolving type for handle ctfonts6623type
[TRACE] 2024-07-25 20:55:55.084 [main] XBeanDebug - Resolving type for handle ctfont14d8type
[TRACE] 2024-07-25 20:55:55.096 [main] XBeanDebug - Resolving type for handle ctfills2c6ftype
[TRACE] 2024-07-25 20:55:55.103 [main] XBeanDebug - Resolving type for handle ctfill550ctype
[TRACE] 2024-07-25 20:55:55.107 [main] XBeanDebug - Resolving type for handle ctborders0d66type
[TRACE] 2024-07-25 20:55:55.110 [main] XBeanDebug - Resolving type for handle ctborderf935type
[TRACE] 2024-07-25 20:55:55.115 [main] XBeanDebug - Resolving type for handle ctcellxfs1322type
[TRACE] 2024-07-25 20:55:55.119 [main] XBeanDebug - Resolving type for handle ctxf97f7type
[TRACE] 2024-07-25 20:55:55.124 [main] XBeanDebug - Resolving type for handle ctcellstylexfsa81ftype
[TRACE] 2024-07-25 20:55:55.128 [main] XBeanDebug - Resolving type for handle ctdxfsb26atype
[TRACE] 2024-07-25 20:55:55.136 [main] XBeanDebug - Resolving type for handle cttablestyles872ftype
[TRACE] 2024-07-25 20:55:55.142 [main] XBeanDebug - Resolving type for handle sstf81fdoctype
[TRACE] 2024-07-25 20:55:55.154 [main] XBeanDebug - Resolving type for handle ctsst44f3type
[TRACE] 2024-07-25 20:55:55.174 [main] XBeanDebug - Resolving type for handle ctrsta472type
[TRACE] 2024-07-25 20:55:55.200 [main] XBeanDebug - Resolving type for handle workbookec17doctype
[TRACE] 2024-07-25 20:55:55.213 [main] XBeanDebug - Resolving type for handle ctworkbook83c3type
[TRACE] 2024-07-25 20:55:55.224 [main] XBeanDebug - Resolving type for handle ctsheets49fdtype
[TRACE] 2024-07-25 20:55:55.229 [main] XBeanDebug - Resolving type for handle ctsheet4dbetype
[TRACE] 2024-07-25 20:55:55.235 [main] XBeanDebug - Resolving type for handle strelationshipid1e94type
[TRACE] 2024-07-25 20:55:55.238 [main] XBeanDebug - Resolving type for handle worksheetf539doctype
[TRACE] 2024-07-25 20:55:55.249 [main] XBeanDebug - Resolving type for handle ctworksheet530dtype
[TRACE] 2024-07-25 20:55:55.269 [main] XBeanDebug - Resolving type for handle ctcols627ctype
[TRACE] 2024-07-25 20:55:55.277 [main] XBeanDebug - Resolving type for handle ctcola95ftype
[TRACE] 2024-07-25 20:55:55.327 [main] XBeanDebug - Resolving type for handle ctsheetdata8408type
[TRACE] 2024-07-25 20:55:55.334 [main] XBeanDebug - Resolving type for handle ctrowdd39type
[TRACE] 2024-07-25 20:55:55.344 [main] XBeanDebug - Resolving type for handle ctcell842btype
[TRACE] 2024-07-25 20:55:55.358 [main] XBeanDebug - Resolving type for handle stcellrefe4e0type
[TRACE] 2024-07-25 20:55:55.371 [main] XBeanDebug - Resolving type for handle stxstringf179type
[TRACE] 2024-07-25 20:55:55.375 [main] XBeanDebug - Resolving type for handle stcelltypebf95type
[DEBUG] 2024-07-25 20:58:01.474 [main] PackageRelationshipCollection - Parsing relationship: /xl/_rels/workbook.xml.rels
[DEBUG] 2024-07-25 20:58:01.491 [main] PackageRelationshipCollection - Parsing relationship: /_rels/.rels
[TRACE] 2024-07-25 20:58:01.888 [main] XBeanDebug - Loading type system org.apache.poi.schemas.ooxml.system.ooxml
[TRACE] 2024-07-25 20:58:01.893 [main] XBeanDebug - Loading type system org.apache.xmlbeans.metadata.system.sXMLCONFIG
[TRACE] 2024-07-25 20:58:01.894 [main] XBeanDebug - Loading type system org.apache.xmlbeans.metadata.system.sXMLLANG
[TRACE] 2024-07-25 20:58:01.895 [main] XBeanDebug - Loading type system org.apache.xmlbeans.metadata.system.sXMLSCHEMA
[TRACE] 2024-07-25 20:58:01.896 [main] XBeanDebug - Loading type system org.apache.xmlbeans.metadata.system.sXMLTOOLS
[TRACE] 2024-07-25 20:58:01.900 [main] XBeanDebug - Reading unresolved handles for type system org.apache.xmlbeans.metadata.system.sXMLTOOLS
[TRACE] 2024-07-25 20:58:01.926 [main] XBeanDebug - Finished loading type system org.apache.xmlbeans.metadata.system.sXMLTOOLS
[TRACE] 2024-07-25 20:58:01.928 [main] XBeanDebug - Reading unresolved handles for type system org.apache.xmlbeans.metadata.system.sXMLSCHEMA
[TRACE] 2024-07-25 20:58:01.954 [main] XBeanDebug - Finished loading type system org.apache.xmlbeans.metadata.system.sXMLSCHEMA
[TRACE] 2024-07-25 20:58:01.956 [main] XBeanDebug - Reading unresolved handles for type system org.apache.xmlbeans.metadata.system.sXMLLANG
[TRACE] 2024-07-25 20:58:01.958 [main] XBeanDebug - Finished loading type system org.apache.xmlbeans.metadata.system.sXMLLANG
[TRACE] 2024-07-25 20:58:01.960 [main] XBeanDebug - Reading unresolved handles for type system org.apache.xmlbeans.metadata.system.sXMLCONFIG
[TRACE] 2024-07-25 20:58:01.962 [main] XBeanDebug - Finished loading type system org.apache.xmlbeans.metadata.system.sXMLCONFIG
[TRACE] 2024-07-25 20:58:01.966 [main] XBeanDebug - Reading unresolved handles for type system org.apache.poi.schemas.ooxml.system.ooxml
[TRACE] 2024-07-25 20:58:02.125 [main] XBeanDebug - Finished loading type system org.apache.poi.schemas.ooxml.system.ooxml
[TRACE] 2024-07-25 20:58:02.126 [main] XBeanDebug - Resolving type for handle themefd26doctype
[TRACE] 2024-07-25 20:58:02.235 [main] XBeanDebug - Resolving type for handle stylesheet5d8bdoctype
[TRACE] 2024-07-25 20:58:02.247 [main] XBeanDebug - Resolving type for handle ctstylesheet4257type
[TRACE] 2024-07-25 20:58:02.261 [main] XBeanDebug - Resolving type for handle ctfonts6623type
[TRACE] 2024-07-25 20:58:02.265 [main] XBeanDebug - Resolving type for handle ctfont14d8type
[TRACE] 2024-07-25 20:58:02.277 [main] XBeanDebug - Resolving type for handle ctfills2c6ftype
[TRACE] 2024-07-25 20:58:02.281 [main] XBeanDebug - Resolving type for handle ctfill550ctype
[TRACE] 2024-07-25 20:58:02.285 [main] XBeanDebug - Resolving type for handle ctborders0d66type
[TRACE] 2024-07-25 20:58:02.290 [main] XBeanDebug - Resolving type for handle ctborderf935type
[TRACE] 2024-07-25 20:58:02.295 [main] XBeanDebug - Resolving type for handle ctcellxfs1322type
[TRACE] 2024-07-25 20:58:02.301 [main] XBeanDebug - Resolving type for handle ctxf97f7type
[TRACE] 2024-07-25 20:58:02.306 [main] XBeanDebug - Resolving type for handle ctcellstylexfsa81ftype
[TRACE] 2024-07-25 20:58:02.311 [main] XBeanDebug - Resolving type for handle ctdxfsb26atype
[TRACE] 2024-07-25 20:58:02.316 [main] XBeanDebug - Resolving type for handle cttablestyles872ftype
[TRACE] 2024-07-25 20:58:02.325 [main] XBeanDebug - Resolving type for handle sstf81fdoctype
[TRACE] 2024-07-25 20:58:02.338 [main] XBeanDebug - Resolving type for handle ctsst44f3type
[TRACE] 2024-07-25 20:58:02.364 [main] XBeanDebug - Resolving type for handle ctrsta472type
[TRACE] 2024-07-25 20:58:02.393 [main] XBeanDebug - Resolving type for handle workbookec17doctype
[TRACE] 2024-07-25 20:58:02.405 [main] XBeanDebug - Resolving type for handle ctworkbook83c3type
[TRACE] 2024-07-25 20:58:02.413 [main] XBeanDebug - Resolving type for handle ctsheets49fdtype
[TRACE] 2024-07-25 20:58:02.416 [main] XBeanDebug - Resolving type for handle ctsheet4dbetype
[TRACE] 2024-07-25 20:58:02.421 [main] XBeanDebug - Resolving type for handle strelationshipid1e94type
[TRACE] 2024-07-25 20:58:02.424 [main] XBeanDebug - Resolving type for handle worksheetf539doctype
[TRACE] 2024-07-25 20:58:02.436 [main] XBeanDebug - Resolving type for handle ctworksheet530dtype
[TRACE] 2024-07-25 20:58:02.452 [main] XBeanDebug - Resolving type for handle ctcols627ctype
[TRACE] 2024-07-25 20:58:02.462 [main] XBeanDebug - Resolving type for handle ctcola95ftype
[TRACE] 2024-07-25 20:58:02.502 [main] XBeanDebug - Resolving type for handle ctsheetdata8408type
[TRACE] 2024-07-25 20:58:02.507 [main] XBeanDebug - Resolving type for handle ctrowdd39type
[TRACE] 2024-07-25 20:58:02.514 [main] XBeanDebug - Resolving type for handle ctcell842btype
[TRACE] 2024-07-25 20:58:02.524 [main] XBeanDebug - Resolving type for handle stcellrefe4e0type
[TRACE] 2024-07-25 20:58:02.533 [main] XBeanDebug - Resolving type for handle stxstringf179type
[TRACE] 2024-07-25 20:58:02.538 [main] XBeanDebug - Resolving type for handle stcelltypebf95type
[DEBUG] 2024-07-25 20:58:02.573 [main] PackageRelationshipCollection - Parsing relationship: /xl/_rels/workbook.xml.rels
[DEBUG] 2024-07-25 20:58:02.576 [main] PackageRelationshipCollection - Parsing relationship: /_rels/.rels
[DEBUG] 2024-07-25 21:00:06.005 [main] PackageRelationshipCollection - Parsing relationship: /xl/_rels/workbook.xml.rels
[DEBUG] 2024-07-25 21:00:06.016 [main] PackageRelationshipCollection - Parsing relationship: /_rels/.rels
[TRACE] 2024-07-25 21:00:06.283 [main] XBeanDebug - Loading type system org.apache.poi.schemas.ooxml.system.ooxml
[TRACE] 2024-07-25 21:00:06.288 [main] XBeanDebug - Loading type system org.apache.xmlbeans.metadata.system.sXMLCONFIG
[TRACE] 2024-07-25 21:00:06.290 [main] XBeanDebug - Loading type system org.apache.xmlbeans.metadata.system.sXMLLANG
[TRACE] 2024-07-25 21:00:06.291 [main] XBeanDebug - Loading type system org.apache.xmlbeans.metadata.system.sXMLSCHEMA
[TRACE] 2024-07-25 21:00:06.292 [main] XBeanDebug - Loading type system org.apache.xmlbeans.metadata.system.sXMLTOOLS
[TRACE] 2024-07-25 21:00:06.294 [main] XBeanDebug - Reading unresolved handles for type system org.apache.xmlbeans.metadata.system.sXMLTOOLS
[TRACE] 2024-07-25 21:00:06.318 [main] XBeanDebug - Finished loading type system org.apache.xmlbeans.metadata.system.sXMLTOOLS
[TRACE] 2024-07-25 21:00:06.319 [main] XBeanDebug - Reading unresolved handles for type system org.apache.xmlbeans.metadata.system.sXMLSCHEMA
[TRACE] 2024-07-25 21:00:06.345 [main] XBeanDebug - Finished loading type system org.apache.xmlbeans.metadata.system.sXMLSCHEMA
[TRACE] 2024-07-25 21:00:06.347 [main] XBeanDebug - Reading unresolved handles for type system org.apache.xmlbeans.metadata.system.sXMLLANG
[TRACE] 2024-07-25 21:00:06.350 [main] XBeanDebug - Finished loading type system org.apache.xmlbeans.metadata.system.sXMLLANG
[TRACE] 2024-07-25 21:00:06.351 [main] XBeanDebug - Reading unresolved handles for type system org.apache.xmlbeans.metadata.system.sXMLCONFIG
[TRACE] 2024-07-25 21:00:06.353 [main] XBeanDebug - Finished loading type system org.apache.xmlbeans.metadata.system.sXMLCONFIG
[TRACE] 2024-07-25 21:00:06.354 [main] XBeanDebug - Reading unresolved handles for type system org.apache.poi.schemas.ooxml.system.ooxml
[TRACE] 2024-07-25 21:00:06.487 [main] XBeanDebug - Finished loading type system org.apache.poi.schemas.ooxml.system.ooxml
[TRACE] 2024-07-25 21:00:06.489 [main] XBeanDebug - Resolving type for handle themefd26doctype
[TRACE] 2024-07-25 21:00:06.584 [main] XBeanDebug - Resolving type for handle stylesheet5d8bdoctype
[TRACE] 2024-07-25 21:00:06.595 [main] XBeanDebug - Resolving type for handle ctstylesheet4257type
[TRACE] 2024-07-25 21:00:06.604 [main] XBeanDebug - Resolving type for handle ctfonts6623type
[TRACE] 2024-07-25 21:00:06.609 [main] XBeanDebug - Resolving type for handle ctfont14d8type
[TRACE] 2024-07-25 21:00:06.619 [main] XBeanDebug - Resolving type for handle ctfills2c6ftype
[TRACE] 2024-07-25 21:00:06.623 [main] XBeanDebug - Resolving type for handle ctfill550ctype
[TRACE] 2024-07-25 21:00:06.626 [main] XBeanDebug - Resolving type for handle ctborders0d66type
[TRACE] 2024-07-25 21:00:06.629 [main] XBeanDebug - Resolving type for handle ctborderf935type
[TRACE] 2024-07-25 21:00:06.634 [main] XBeanDebug - Resolving type for handle ctcellxfs1322type
[TRACE] 2024-07-25 21:00:06.639 [main] XBeanDebug - Resolving type for handle ctxf97f7type
[TRACE] 2024-07-25 21:00:06.644 [main] XBeanDebug - Resolving type for handle ctcellstylexfsa81ftype
[TRACE] 2024-07-25 21:00:06.649 [main] XBeanDebug - Resolving type for handle ctdxfsb26atype
[TRACE] 2024-07-25 21:00:06.653 [main] XBeanDebug - Resolving type for handle cttablestyles872ftype
[TRACE] 2024-07-25 21:00:06.660 [main] XBeanDebug - Resolving type for handle sstf81fdoctype
[TRACE] 2024-07-25 21:00:06.670 [main] XBeanDebug - Resolving type for handle ctsst44f3type
[TRACE] 2024-07-25 21:00:06.687 [main] XBeanDebug - Resolving type for handle ctrsta472type
[TRACE] 2024-07-25 21:00:06.711 [main] XBeanDebug - Resolving type for handle workbookec17doctype
[TRACE] 2024-07-25 21:00:06.720 [main] XBeanDebug - Resolving type for handle ctworkbook83c3type
[TRACE] 2024-07-25 21:00:06.726 [main] XBeanDebug - Resolving type for handle ctsheets49fdtype
[TRACE] 2024-07-25 21:00:06.730 [main] XBeanDebug - Resolving type for handle ctsheet4dbetype
[TRACE] 2024-07-25 21:00:06.735 [main] XBeanDebug - Resolving type for handle strelationshipid1e94type
[TRACE] 2024-07-25 21:00:06.739 [main] XBeanDebug - Resolving type for handle worksheetf539doctype
[TRACE] 2024-07-25 21:00:06.749 [main] XBeanDebug - Resolving type for handle ctworksheet530dtype
[TRACE] 2024-07-25 21:00:06.763 [main] XBeanDebug - Resolving type for handle ctcols627ctype
[TRACE] 2024-07-25 21:00:06.772 [main] XBeanDebug - Resolving type for handle ctcola95ftype
[TRACE] 2024-07-25 21:00:06.805 [main] XBeanDebug - Resolving type for handle ctsheetdata8408type
[TRACE] 2024-07-25 21:00:06.810 [main] XBeanDebug - Resolving type for handle ctrowdd39type
[TRACE] 2024-07-25 21:00:06.816 [main] XBeanDebug - Resolving type for handle ctcell842btype
[TRACE] 2024-07-25 21:00:06.825 [main] XBeanDebug - Resolving type for handle stcellrefe4e0type
[TRACE] 2024-07-25 21:00:06.833 [main] XBeanDebug - Resolving type for handle stxstringf179type
[TRACE] 2024-07-25 21:00:06.836 [main] XBeanDebug - Resolving type for handle stcelltypebf95type
[DEBUG] 2024-07-25 21:00:06.875 [main] PackageRelationshipCollection - Parsing relationship: /xl/_rels/workbook.xml.rels
[DEBUG] 2024-07-25 21:00:06.878 [main] PackageRelationshipCollection - Parsing relationship: /_rels/.rels
[DEBUG] 2024-07-25 21:00:39.579 [main] PackageRelationshipCollection - Parsing relationship: /xl/_rels/workbook.xml.rels
[DEBUG] 2024-07-25 21:00:39.587 [main] PackageRelationshipCollection - Parsing relationship: /_rels/.rels
[TRACE] 2024-07-25 21:00:39.841 [main] XBeanDebug - Loading type system org.apache.poi.schemas.ooxml.system.ooxml
[TRACE] 2024-07-25 21:00:39.845 [main] XBeanDebug - Loading type system org.apache.xmlbeans.metadata.system.sXMLCONFIG
[TRACE] 2024-07-25 21:00:39.847 [main] XBeanDebug - Loading type system org.apache.xmlbeans.metadata.system.sXMLLANG
[TRACE] 2024-07-25 21:00:39.848 [main] XBeanDebug - Loading type system org.apache.xmlbeans.metadata.system.sXMLSCHEMA
[TRACE] 2024-07-25 21:00:39.849 [main] XBeanDebug - Loading type system org.apache.xmlbeans.metadata.system.sXMLTOOLS
[TRACE] 2024-07-25 21:00:39.851 [main] XBeanDebug - Reading unresolved handles for type system org.apache.xmlbeans.metadata.system.sXMLTOOLS
[TRACE] 2024-07-25 21:00:39.874 [main] XBeanDebug - Finished loading type system org.apache.xmlbeans.metadata.system.sXMLTOOLS
[TRACE] 2024-07-25 21:00:39.875 [main] XBeanDebug - Reading unresolved handles for type system org.apache.xmlbeans.metadata.system.sXMLSCHEMA
[TRACE] 2024-07-25 21:00:39.893 [main] XBeanDebug - Finished loading type system org.apache.xmlbeans.metadata.system.sXMLSCHEMA
[TRACE] 2024-07-25 21:00:39.895 [main] XBeanDebug - Reading unresolved handles for type system org.apache.xmlbeans.metadata.system.sXMLLANG
[TRACE] 2024-07-25 21:00:39.897 [main] XBeanDebug - Finished loading type system org.apache.xmlbeans.metadata.system.sXMLLANG
[TRACE] 2024-07-25 21:00:39.899 [main] XBeanDebug - Reading unresolved handles for type system org.apache.xmlbeans.metadata.system.sXMLCONFIG
[TRACE] 2024-07-25 21:00:39.901 [main] XBeanDebug - Finished loading type system org.apache.xmlbeans.metadata.system.sXMLCONFIG
[TRACE] 2024-07-25 21:00:39.903 [main] XBeanDebug - Reading unresolved handles for type system org.apache.poi.schemas.ooxml.system.ooxml
[TRACE] 2024-07-25 21:00:40.026 [main] XBeanDebug - Finished loading type system org.apache.poi.schemas.ooxml.system.ooxml
[TRACE] 2024-07-25 21:00:40.027 [main] XBeanDebug - Resolving type for handle themefd26doctype
[TRACE] 2024-07-25 21:00:40.112 [main] XBeanDebug - Resolving type for handle stylesheet5d8bdoctype
[TRACE] 2024-07-25 21:00:40.125 [main] XBeanDebug - Resolving type for handle ctstylesheet4257type
[TRACE] 2024-07-25 21:00:40.133 [main] XBeanDebug - Resolving type for handle ctfonts6623type
[TRACE] 2024-07-25 21:00:40.137 [main] XBeanDebug - Resolving type for handle ctfont14d8type
[TRACE] 2024-07-25 21:00:40.149 [main] XBeanDebug - Resolving type for handle ctfills2c6ftype
[TRACE] 2024-07-25 21:00:40.152 [main] XBeanDebug - Resolving type for handle ctfill550ctype
[TRACE] 2024-07-25 21:00:40.156 [main] XBeanDebug - Resolving type for handle ctborders0d66type
[TRACE] 2024-07-25 21:00:40.159 [main] XBeanDebug - Resolving type for handle ctborderf935type
[TRACE] 2024-07-25 21:00:40.165 [main] XBeanDebug - Resolving type for handle ctcellxfs1322type
[TRACE] 2024-07-25 21:00:40.169 [main] XBeanDebug - Resolving type for handle ctxf97f7type
[TRACE] 2024-07-25 21:00:40.176 [main] XBeanDebug - Resolving type for handle ctcellstylexfsa81ftype
[TRACE] 2024-07-25 21:00:40.180 [main] XBeanDebug - Resolving type for handle ctdxfsb26atype
[TRACE] 2024-07-25 21:00:40.185 [main] XBeanDebug - Resolving type for handle cttablestyles872ftype
[TRACE] 2024-07-25 21:00:40.191 [main] XBeanDebug - Resolving type for handle sstf81fdoctype
[TRACE] 2024-07-25 21:00:40.201 [main] XBeanDebug - Resolving type for handle ctsst44f3type
[TRACE] 2024-07-25 21:00:40.220 [main] XBeanDebug - Resolving type for handle ctrsta472type
[TRACE] 2024-07-25 21:00:40.245 [main] XBeanDebug - Resolving type for handle workbookec17doctype
[TRACE] 2024-07-25 21:00:40.253 [main] XBeanDebug - Resolving type for handle ctworkbook83c3type
[TRACE] 2024-07-25 21:00:40.260 [main] XBeanDebug - Resolving type for handle ctsheets49fdtype
[TRACE] 2024-07-25 21:00:40.263 [main] XBeanDebug - Resolving type for handle ctsheet4dbetype
[TRACE] 2024-07-25 21:00:40.266 [main] XBeanDebug - Resolving type for handle strelationshipid1e94type
[TRACE] 2024-07-25 21:00:40.270 [main] XBeanDebug - Resolving type for handle worksheetf539doctype
[TRACE] 2024-07-25 21:00:40.278 [main] XBeanDebug - Resolving type for handle ctworksheet530dtype
[TRACE] 2024-07-25 21:00:40.292 [main] XBeanDebug - Resolving type for handle ctcols627ctype
[TRACE] 2024-07-25 21:00:40.303 [main] XBeanDebug - Resolving type for handle ctcola95ftype
[TRACE] 2024-07-25 21:00:40.335 [main] XBeanDebug - Resolving type for handle ctsheetdata8408type
[TRACE] 2024-07-25 21:00:40.339 [main] XBeanDebug - Resolving type for handle ctrowdd39type
[TRACE] 2024-07-25 21:00:40.346 [main] XBeanDebug - Resolving type for handle ctcell842btype
[TRACE] 2024-07-25 21:00:40.354 [main] XBeanDebug - Resolving type for handle stcellrefe4e0type
[TRACE] 2024-07-25 21:00:40.362 [main] XBeanDebug - Resolving type for handle stxstringf179type
[TRACE] 2024-07-25 21:00:40.365 [main] XBeanDebug - Resolving type for handle stcelltypebf95type
[DEBUG] 2024-07-25 21:00:40.384 [main] PackageRelationshipCollection - Parsing relationship: /xl/_rels/workbook.xml.rels
[DEBUG] 2024-07-25 21:00:40.388 [main] PackageRelationshipCollection - Parsing relationship: /_rels/.rels
[DEBUG] 2024-07-25 21:01:55.160 [main] PackageRelationshipCollection - Parsing relationship: /xl/_rels/workbook.xml.rels
[DEBUG] 2024-07-25 21:01:55.169 [main] PackageRelationshipCollection - Parsing relationship: /_rels/.rels
[TRACE] 2024-07-25 21:01:55.427 [main] XBeanDebug - Loading type system org.apache.poi.schemas.ooxml.system.ooxml
[TRACE] 2024-07-25 21:01:55.431 [main] XBeanDebug - Loading type system org.apache.xmlbeans.metadata.system.sXMLCONFIG
[TRACE] 2024-07-25 21:01:55.433 [main] XBeanDebug - Loading type system org.apache.xmlbeans.metadata.system.sXMLLANG
[TRACE] 2024-07-25 21:01:55.434 [main] XBeanDebug - Loading type system org.apache.xmlbeans.metadata.system.sXMLSCHEMA
[TRACE] 2024-07-25 21:01:55.435 [main] XBeanDebug - Loading type system org.apache.xmlbeans.metadata.system.sXMLTOOLS
[TRACE] 2024-07-25 21:01:55.437 [main] XBeanDebug - Reading unresolved handles for type system org.apache.xmlbeans.metadata.system.sXMLTOOLS
[TRACE] 2024-07-25 21:01:55.460 [main] XBeanDebug - Finished loading type system org.apache.xmlbeans.metadata.system.sXMLTOOLS
[TRACE] 2024-07-25 21:01:55.462 [main] XBeanDebug - Reading unresolved handles for type system org.apache.xmlbeans.metadata.system.sXMLSCHEMA
[TRACE] 2024-07-25 21:01:55.484 [main] XBeanDebug - Finished loading type system org.apache.xmlbeans.metadata.system.sXMLSCHEMA
[TRACE] 2024-07-25 21:01:55.486 [main] XBeanDebug - Reading unresolved handles for type system org.apache.xmlbeans.metadata.system.sXMLLANG
[TRACE] 2024-07-25 21:01:55.488 [main] XBeanDebug - Finished loading type system org.apache.xmlbeans.metadata.system.sXMLLANG
[TRACE] 2024-07-25 21:01:55.489 [main] XBeanDebug - Reading unresolved handles for type system org.apache.xmlbeans.metadata.system.sXMLCONFIG
[TRACE] 2024-07-25 21:01:55.491 [main] XBeanDebug - Finished loading type system org.apache.xmlbeans.metadata.system.sXMLCONFIG
[TRACE] 2024-07-25 21:01:55.493 [main] XBeanDebug - Reading unresolved handles for type system org.apache.poi.schemas.ooxml.system.ooxml
[TRACE] 2024-07-25 21:01:55.603 [main] XBeanDebug - Finished loading type system org.apache.poi.schemas.ooxml.system.ooxml
[TRACE] 2024-07-25 21:01:55.605 [main] XBeanDebug - Resolving type for handle themefd26doctype
[TRACE] 2024-07-25 21:01:55.695 [main] XBeanDebug - Resolving type for handle stylesheet5d8bdoctype
[TRACE] 2024-07-25 21:01:55.705 [main] XBeanDebug - Resolving type for handle ctstylesheet4257type
[TRACE] 2024-07-25 21:01:55.712 [main] XBeanDebug - Resolving type for handle ctfonts6623type
[TRACE] 2024-07-25 21:01:55.717 [main] XBeanDebug - Resolving type for handle ctfont14d8type
[TRACE] 2024-07-25 21:01:55.726 [main] XBeanDebug - Resolving type for handle ctfills2c6ftype
[TRACE] 2024-07-25 21:01:55.730 [main] XBeanDebug - Resolving type for handle ctfill550ctype
[TRACE] 2024-07-25 21:01:55.734 [main] XBeanDebug - Resolving type for handle ctborders0d66type
[TRACE] 2024-07-25 21:01:55.737 [main] XBeanDebug - Resolving type for handle ctborderf935type
[TRACE] 2024-07-25 21:01:55.744 [main] XBeanDebug - Resolving type for handle ctcellxfs1322type
[TRACE] 2024-07-25 21:01:55.750 [main] XBeanDebug - Resolving type for handle ctxf97f7type
[TRACE] 2024-07-25 21:01:55.756 [main] XBeanDebug - Resolving type for handle ctcellstylexfsa81ftype
[TRACE] 2024-07-25 21:01:55.761 [main] XBeanDebug - Resolving type for handle ctdxfsb26atype
[TRACE] 2024-07-25 21:01:55.766 [main] XBeanDebug - Resolving type for handle cttablestyles872ftype
[TRACE] 2024-07-25 21:01:55.774 [main] XBeanDebug - Resolving type for handle sstf81fdoctype
[TRACE] 2024-07-25 21:01:55.785 [main] XBeanDebug - Resolving type for handle ctsst44f3type
[TRACE] 2024-07-25 21:01:55.806 [main] XBeanDebug - Resolving type for handle ctrsta472type
[TRACE] 2024-07-25 21:01:55.831 [main] XBeanDebug - Resolving type for handle workbookec17doctype
[TRACE] 2024-07-25 21:01:55.840 [main] XBeanDebug - Resolving type for handle ctworkbook83c3type
[TRACE] 2024-07-25 21:01:55.848 [main] XBeanDebug - Resolving type for handle ctsheets49fdtype
[TRACE] 2024-07-25 21:01:55.852 [main] XBeanDebug - Resolving type for handle ctsheet4dbetype
[TRACE] 2024-07-25 21:01:55.855 [main] XBeanDebug - Resolving type for handle strelationshipid1e94type
[TRACE] 2024-07-25 21:01:55.860 [main] XBeanDebug - Resolving type for handle worksheetf539doctype
[TRACE] 2024-07-25 21:01:55.871 [main] XBeanDebug - Resolving type for handle ctworksheet530dtype
[TRACE] 2024-07-25 21:01:55.886 [main] XBeanDebug - Resolving type for handle ctcols627ctype
[TRACE] 2024-07-25 21:01:55.895 [main] XBeanDebug - Resolving type for handle ctcola95ftype
[TRACE] 2024-07-25 21:01:55.924 [main] XBeanDebug - Resolving type for handle ctsheetdata8408type
[TRACE] 2024-07-25 21:01:55.929 [main] XBeanDebug - Resolving type for handle ctrowdd39type
[TRACE] 2024-07-25 21:01:55.936 [main] XBeanDebug - Resolving type for handle ctcell842btype
[TRACE] 2024-07-25 21:01:55.944 [main] XBeanDebug - Resolving type for handle stcellrefe4e0type
[TRACE] 2024-07-25 21:01:55.952 [main] XBeanDebug - Resolving type for handle stxstringf179type
[TRACE] 2024-07-25 21:01:55.955 [main] XBeanDebug - Resolving type for handle stcelltypebf95type
[DEBUG] 2024-07-25 21:01:55.982 [main] PackageRelationshipCollection - Parsing relationship: /xl/_rels/workbook.xml.rels
[DEBUG] 2024-07-25 21:01:55.985 [main] PackageRelationshipCollection - Parsing relationship: /_rels/.rels
[DEBUG] 2024-07-25 21:47:38.222 [main] PackageRelationshipCollection - Parsing relationship: /xl/_rels/workbook.xml.rels
[DEBUG] 2024-07-25 21:47:38.233 [main] PackageRelationshipCollection - Parsing relationship: /_rels/.rels
[TRACE] 2024-07-25 21:47:38.549 [main] XBeanDebug - Loading type system org.apache.poi.schemas.ooxml.system.ooxml
[TRACE] 2024-07-25 21:47:38.553 [main] XBeanDebug - Loading type system org.apache.xmlbeans.metadata.system.sXMLCONFIG
[TRACE] 2024-07-25 21:47:38.555 [main] XBeanDebug - Loading type system org.apache.xmlbeans.metadata.system.sXMLLANG
[TRACE] 2024-07-25 21:47:38.556 [main] XBeanDebug - Loading type system org.apache.xmlbeans.metadata.system.sXMLSCHEMA
[TRACE] 2024-07-25 21:47:38.557 [main] XBeanDebug - Loading type system org.apache.xmlbeans.metadata.system.sXMLTOOLS
[TRACE] 2024-07-25 21:47:38.559 [main] XBeanDebug - Reading unresolved handles for type system org.apache.xmlbeans.metadata.system.sXMLTOOLS
[TRACE] 2024-07-25 21:47:38.587 [main] XBeanDebug - Finished loading type system org.apache.xmlbeans.metadata.system.sXMLTOOLS
[TRACE] 2024-07-25 21:47:38.589 [main] XBeanDebug - Reading unresolved handles for type system org.apache.xmlbeans.metadata.system.sXMLSCHEMA
[TRACE] 2024-07-25 21:47:38.604 [main] XBeanDebug - Finished loading type system org.apache.xmlbeans.metadata.system.sXMLSCHEMA
[TRACE] 2024-07-25 21:47:38.606 [main] XBeanDebug - Reading unresolved handles for type system org.apache.xmlbeans.metadata.system.sXMLLANG
[TRACE] 2024-07-25 21:47:38.608 [main] XBeanDebug - Finished loading type system org.apache.xmlbeans.metadata.system.sXMLLANG
[TRACE] 2024-07-25 21:47:38.610 [main] XBeanDebug - Reading unresolved handles for type system org.apache.xmlbeans.metadata.system.sXMLCONFIG
[TRACE] 2024-07-25 21:47:38.632 [main] XBeanDebug - Finished loading type system org.apache.xmlbeans.metadata.system.sXMLCONFIG
[TRACE] 2024-07-25 21:47:38.634 [main] XBeanDebug - Reading unresolved handles for type system org.apache.poi.schemas.ooxml.system.ooxml
[TRACE] 2024-07-25 21:47:38.776 [main] XBeanDebug - Finished loading type system org.apache.poi.schemas.ooxml.system.ooxml
[TRACE] 2024-07-25 21:47:38.777 [main] XBeanDebug - Resolving type for handle themefd26doctype
[TRACE] 2024-07-25 21:47:38.895 [main] XBeanDebug - Resolving type for handle stylesheet5d8bdoctype
[TRACE] 2024-07-25 21:47:38.911 [main] XBeanDebug - Resolving type for handle ctstylesheet4257type
[TRACE] 2024-07-25 21:47:38.922 [main] XBeanDebug - Resolving type for handle ctfonts6623type
[TRACE] 2024-07-25 21:47:38.928 [main] XBeanDebug - Resolving type for handle ctfont14d8type
[TRACE] 2024-07-25 21:47:38.941 [main] XBeanDebug - Resolving type for handle ctfills2c6ftype
[TRACE] 2024-07-25 21:47:38.944 [main] XBeanDebug - Resolving type for handle ctfill550ctype
[TRACE] 2024-07-25 21:47:38.948 [main] XBeanDebug - Resolving type for handle ctborders0d66type
[TRACE] 2024-07-25 21:47:38.952 [main] XBeanDebug - Resolving type for handle ctborderf935type
[TRACE] 2024-07-25 21:47:38.957 [main] XBeanDebug - Resolving type for handle ctcellxfs1322type
[TRACE] 2024-07-25 21:47:38.960 [main] XBeanDebug - Resolving type for handle ctxf97f7type
[TRACE] 2024-07-25 21:47:38.965 [main] XBeanDebug - Resolving type for handle ctcellstylexfsa81ftype
[TRACE] 2024-07-25 21:47:38.970 [main] XBeanDebug - Resolving type for handle ctdxfsb26atype
[TRACE] 2024-07-25 21:47:38.973 [main] XBeanDebug - Resolving type for handle cttablestyles872ftype
[TRACE] 2024-07-25 21:47:38.978 [main] XBeanDebug - Resolving type for handle sstf81fdoctype
[TRACE] 2024-07-25 21:47:38.992 [main] XBeanDebug - Resolving type for handle ctsst44f3type
[TRACE] 2024-07-25 21:47:39.026 [main] XBeanDebug - Resolving type for handle ctrsta472type
[TRACE] 2024-07-25 21:47:39.051 [main] XBeanDebug - Resolving type for handle workbookec17doctype
[TRACE] 2024-07-25 21:47:39.061 [main] XBeanDebug - Resolving type for handle ctworkbook83c3type
[TRACE] 2024-07-25 21:47:39.071 [main] XBeanDebug - Resolving type for handle ctsheets49fdtype
[TRACE] 2024-07-25 21:47:39.075 [main] XBeanDebug - Resolving type for handle ctsheet4dbetype
[TRACE] 2024-07-25 21:47:39.078 [main] XBeanDebug - Resolving type for handle strelationshipid1e94type
[TRACE] 2024-07-25 21:47:39.084 [main] XBeanDebug - Resolving type for handle worksheetf539doctype
[TRACE] 2024-07-25 21:47:39.092 [main] XBeanDebug - Resolving type for handle ctworksheet530dtype
[TRACE] 2024-07-25 21:47:39.107 [main] XBeanDebug - Resolving type for handle ctcols627ctype
[TRACE] 2024-07-25 21:47:39.117 [main] XBeanDebug - Resolving type for handle ctcola95ftype
[TRACE] 2024-07-25 21:47:39.157 [main] XBeanDebug - Resolving type for handle ctsheetdata8408type
[TRACE] 2024-07-25 21:47:39.162 [main] XBeanDebug - Resolving type for handle ctrowdd39type
[TRACE] 2024-07-25 21:47:39.170 [main] XBeanDebug - Resolving type for handle ctcell842btype
[TRACE] 2024-07-25 21:47:39.179 [main] XBeanDebug - Resolving type for handle stcellrefe4e0type
[TRACE] 2024-07-25 21:47:39.188 [main] XBeanDebug - Resolving type for handle stxstringf179type
[TRACE] 2024-07-25 21:47:39.191 [main] XBeanDebug - Resolving type for handle stcelltypebf95type
[DEBUG] 2024-07-25 21:47:39.220 [main] PackageRelationshipCollection - Parsing relationship: /xl/_rels/workbook.xml.rels
[DEBUG] 2024-07-25 21:47:39.223 [main] PackageRelationshipCollection - Parsing relationship: /_rels/.rels
[DEBUG] 2024-07-25 22:09:08.110 [main] PackageRelationshipCollection - Parsing relationship: /xl/_rels/workbook.xml.rels
[DEBUG] 2024-07-25 22:09:08.122 [main] PackageRelationshipCollection - Parsing relationship: /_rels/.rels
[TRACE] 2024-07-25 22:09:08.429 [main] XBeanDebug - Loading type system org.apache.poi.schemas.ooxml.system.ooxml
[TRACE] 2024-07-25 22:09:08.436 [main] XBeanDebug - Loading type system org.apache.xmlbeans.metadata.system.sXMLCONFIG
[TRACE] 2024-07-25 22:09:08.437 [main] XBeanDebug - Loading type system org.apache.xmlbeans.metadata.system.sXMLLANG
[TRACE] 2024-07-25 22:09:08.438 [main] XBeanDebug - Loading type system org.apache.xmlbeans.metadata.system.sXMLSCHEMA
[TRACE] 2024-07-25 22:09:08.439 [main] XBeanDebug - Loading type system org.apache.xmlbeans.metadata.system.sXMLTOOLS
[TRACE] 2024-07-25 22:09:08.441 [main] XBeanDebug - Reading unresolved handles for type system org.apache.xmlbeans.metadata.system.sXMLTOOLS
[TRACE] 2024-07-25 22:09:08.471 [main] XBeanDebug - Finished loading type system org.apache.xmlbeans.metadata.system.sXMLTOOLS
[TRACE] 2024-07-25 22:09:08.473 [main] XBeanDebug - Reading unresolved handles for type system org.apache.xmlbeans.metadata.system.sXMLSCHEMA
[TRACE] 2024-07-25 22:09:08.491 [main] XBeanDebug - Finished loading type system org.apache.xmlbeans.metadata.system.sXMLSCHEMA
[TRACE] 2024-07-25 22:09:08.493 [main] XBeanDebug - Reading unresolved handles for type system org.apache.xmlbeans.metadata.system.sXMLLANG
[TRACE] 2024-07-25 22:09:08.496 [main] XBeanDebug - Finished loading type system org.apache.xmlbeans.metadata.system.sXMLLANG
[TRACE] 2024-07-25 22:09:08.498 [main] XBeanDebug - Reading unresolved handles for type system org.apache.xmlbeans.metadata.system.sXMLCONFIG
[TRACE] 2024-07-25 22:09:08.504 [main] XBeanDebug - Finished loading type system org.apache.xmlbeans.metadata.system.sXMLCONFIG
[TRACE] 2024-07-25 22:09:08.506 [main] XBeanDebug - Reading unresolved handles for type system org.apache.poi.schemas.ooxml.system.ooxml
[TRACE] 2024-07-25 22:09:08.706 [main] XBeanDebug - Finished loading type system org.apache.poi.schemas.ooxml.system.ooxml
[TRACE] 2024-07-25 22:09:08.708 [main] XBeanDebug - Resolving type for handle themefd26doctype
[TRACE] 2024-07-25 22:09:08.814 [main] XBeanDebug - Resolving type for handle stylesheet5d8bdoctype
[TRACE] 2024-07-25 22:09:08.839 [main] XBeanDebug - Resolving type for handle ctstylesheet4257type
[TRACE] 2024-07-25 22:09:08.846 [main] XBeanDebug - Resolving type for handle ctfonts6623type
[TRACE] 2024-07-25 22:09:08.854 [main] XBeanDebug - Resolving type for handle ctfont14d8type
[TRACE] 2024-07-25 22:09:08.865 [main] XBeanDebug - Resolving type for handle ctfills2c6ftype
[TRACE] 2024-07-25 22:09:08.869 [main] XBeanDebug - Resolving type for handle ctfill550ctype
[TRACE] 2024-07-25 22:09:08.874 [main] XBeanDebug - Resolving type for handle ctborders0d66type
[TRACE] 2024-07-25 22:09:08.877 [main] XBeanDebug - Resolving type for handle ctborderf935type
[TRACE] 2024-07-25 22:09:08.881 [main] XBeanDebug - Resolving type for handle ctcellxfs1322type
[TRACE] 2024-07-25 22:09:08.887 [main] XBeanDebug - Resolving type for handle ctxf97f7type
[TRACE] 2024-07-25 22:09:08.892 [main] XBeanDebug - Resolving type for handle ctcellstylexfsa81ftype
[TRACE] 2024-07-25 22:09:08.895 [main] XBeanDebug - Resolving type for handle ctdxfsb26atype
[TRACE] 2024-07-25 22:09:08.900 [main] XBeanDebug - Resolving type for handle cttablestyles872ftype
[TRACE] 2024-07-25 22:09:08.911 [main] XBeanDebug - Resolving type for handle sstf81fdoctype
[TRACE] 2024-07-25 22:09:08.923 [main] XBeanDebug - Resolving type for handle ctsst44f3type
[TRACE] 2024-07-25 22:09:08.947 [main] XBeanDebug - Resolving type for handle ctrsta472type
[TRACE] 2024-07-25 22:09:08.973 [main] XBeanDebug - Resolving type for handle workbookec17doctype
[TRACE] 2024-07-25 22:09:08.981 [main] XBeanDebug - Resolving type for handle ctworkbook83c3type
[TRACE] 2024-07-25 22:09:08.995 [main] XBeanDebug - Resolving type for handle ctsheets49fdtype
[TRACE] 2024-07-25 22:09:08.999 [main] XBeanDebug - Resolving type for handle ctsheet4dbetype
[TRACE] 2024-07-25 22:09:09.004 [main] XBeanDebug - Resolving type for handle strelationshipid1e94type
[TRACE] 2024-07-25 22:09:09.009 [main] XBeanDebug - Resolving type for handle worksheetf539doctype
[TRACE] 2024-07-25 22:09:09.018 [main] XBeanDebug - Resolving type for handle ctworksheet530dtype
[TRACE] 2024-07-25 22:09:09.035 [main] XBeanDebug - Resolving type for handle ctcols627ctype
[TRACE] 2024-07-25 22:09:09.046 [main] XBeanDebug - Resolving type for handle ctcola95ftype
[TRACE] 2024-07-25 22:09:09.085 [main] XBeanDebug - Resolving type for handle ctsheetdata8408type
[TRACE] 2024-07-25 22:09:09.091 [main] XBeanDebug - Resolving type for handle ctrowdd39type
[TRACE] 2024-07-25 22:09:09.097 [main] XBeanDebug - Resolving type for handle ctcell842btype
[TRACE] 2024-07-25 22:09:09.109 [main] XBeanDebug - Resolving type for handle stcellrefe4e0type
[TRACE] 2024-07-25 22:09:09.118 [main] XBeanDebug - Resolving type for handle stxstringf179type
[DEBUG] 2024-07-25 22:13:30.211 [main] PackageRelationshipCollection - Parsing relationship: /xl/_rels/workbook.xml.rels
[DEBUG] 2024-07-25 22:13:30.223 [main] PackageRelationshipCollection - Parsing relationship: /_rels/.rels
[TRACE] 2024-07-25 22:13:30.484 [main] XBeanDebug - Loading type system org.apache.poi.schemas.ooxml.system.ooxml
[TRACE] 2024-07-25 22:13:30.489 [main] XBeanDebug - Loading type system org.apache.xmlbeans.metadata.system.sXMLCONFIG
[TRACE] 2024-07-25 22:13:30.490 [main] XBeanDebug - Loading type system org.apache.xmlbeans.metadata.system.sXMLLANG
[TRACE] 2024-07-25 22:13:30.491 [main] XBeanDebug - Loading type system org.apache.xmlbeans.metadata.system.sXMLSCHEMA
[TRACE] 2024-07-25 22:13:30.492 [main] XBeanDebug - Loading type system org.apache.xmlbeans.metadata.system.sXMLTOOLS
[TRACE] 2024-07-25 22:13:30.494 [main] XBeanDebug - Reading unresolved handles for type system org.apache.xmlbeans.metadata.system.sXMLTOOLS
[TRACE] 2024-07-25 22:13:30.515 [main] XBeanDebug - Finished loading type system org.apache.xmlbeans.metadata.system.sXMLTOOLS
[TRACE] 2024-07-25 22:13:30.517 [main] XBeanDebug - Reading unresolved handles for type system org.apache.xmlbeans.metadata.system.sXMLSCHEMA
[TRACE] 2024-07-25 22:13:30.530 [main] XBeanDebug - Finished loading type system org.apache.xmlbeans.metadata.system.sXMLSCHEMA
[TRACE] 2024-07-25 22:13:30.532 [main] XBeanDebug - Reading unresolved handles for type system org.apache.xmlbeans.metadata.system.sXMLLANG
[TRACE] 2024-07-25 22:13:30.534 [main] XBeanDebug - Finished loading type system org.apache.xmlbeans.metadata.system.sXMLLANG
[TRACE] 2024-07-25 22:13:30.535 [main] XBeanDebug - Reading unresolved handles for type system org.apache.xmlbeans.metadata.system.sXMLCONFIG
[TRACE] 2024-07-25 22:13:30.539 [main] XBeanDebug - Finished loading type system org.apache.xmlbeans.metadata.system.sXMLCONFIG
[TRACE] 2024-07-25 22:13:30.540 [main] XBeanDebug - Reading unresolved handles for type system org.apache.poi.schemas.ooxml.system.ooxml
[TRACE] 2024-07-25 22:13:30.669 [main] XBeanDebug - Finished loading type system org.apache.poi.schemas.ooxml.system.ooxml
[TRACE] 2024-07-25 22:13:30.671 [main] XBeanDebug - Resolving type for handle themefd26doctype
[TRACE] 2024-07-25 22:13:30.768 [main] XBeanDebug - Resolving type for handle stylesheet5d8bdoctype
[TRACE] 2024-07-25 22:13:30.777 [main] XBeanDebug - Resolving type for handle ctstylesheet4257type
[TRACE] 2024-07-25 22:13:30.784 [main] XBeanDebug - Resolving type for handle ctfonts6623type
[TRACE] 2024-07-25 22:13:30.790 [main] XBeanDebug - Resolving type for handle ctfont14d8type
[TRACE] 2024-07-25 22:13:30.799 [main] XBeanDebug - Resolving type for handle ctfills2c6ftype
[TRACE] 2024-07-25 22:13:30.803 [main] XBeanDebug - Resolving type for handle ctfill550ctype
[TRACE] 2024-07-25 22:13:30.806 [main] XBeanDebug - Resolving type for handle ctborders0d66type
[TRACE] 2024-07-25 22:13:30.809 [main] XBeanDebug - Resolving type for handle ctborderf935type
[TRACE] 2024-07-25 22:13:30.815 [main] XBeanDebug - Resolving type for handle ctcellxfs1322type
[TRACE] 2024-07-25 22:13:30.818 [main] XBeanDebug - Resolving type for handle ctxf97f7type
[TRACE] 2024-07-25 22:13:30.824 [main] XBeanDebug - Resolving type for handle ctcellstylexfsa81ftype
[TRACE] 2024-07-25 22:13:30.827 [main] XBeanDebug - Resolving type for handle ctdxfsb26atype
[TRACE] 2024-07-25 22:13:30.831 [main] XBeanDebug - Resolving type for handle cttablestyles872ftype
[TRACE] 2024-07-25 22:13:30.837 [main] XBeanDebug - Resolving type for handle sstf81fdoctype
[TRACE] 2024-07-25 22:13:30.846 [main] XBeanDebug - Resolving type for handle ctsst44f3type
[TRACE] 2024-07-25 22:13:30.865 [main] XBeanDebug - Resolving type for handle ctrsta472type
[TRACE] 2024-07-25 22:13:30.890 [main] XBeanDebug - Resolving type for handle workbookec17doctype
[TRACE] 2024-07-25 22:13:30.897 [main] XBeanDebug - Resolving type for handle ctworkbook83c3type
[TRACE] 2024-07-25 22:13:30.904 [main] XBeanDebug - Resolving type for handle ctsheets49fdtype
[TRACE] 2024-07-25 22:13:30.908 [main] XBeanDebug - Resolving type for handle ctsheet4dbetype
[TRACE] 2024-07-25 22:13:30.911 [main] XBeanDebug - Resolving type for handle strelationshipid1e94type
[TRACE] 2024-07-25 22:13:30.917 [main] XBeanDebug - Resolving type for handle worksheetf539doctype
[TRACE] 2024-07-25 22:13:30.926 [main] XBeanDebug - Resolving type for handle ctworksheet530dtype
[TRACE] 2024-07-25 22:13:30.939 [main] XBeanDebug - Resolving type for handle ctcols627ctype
[TRACE] 2024-07-25 22:13:30.948 [main] XBeanDebug - Resolving type for handle ctcola95ftype
[TRACE] 2024-07-25 22:13:30.978 [main] XBeanDebug - Resolving type for handle ctsheetdata8408type
[TRACE] 2024-07-25 22:13:30.984 [main] XBeanDebug - Resolving type for handle ctrowdd39type
[TRACE] 2024-07-25 22:13:30.991 [main] XBeanDebug - Resolving type for handle ctcell842btype
[TRACE] 2024-07-25 22:13:31.000 [main] XBeanDebug - Resolving type for handle stcellrefe4e0type
[TRACE] 2024-07-25 22:13:31.010 [main] XBeanDebug - Resolving type for handle stxstringf179type
[TRACE] 2024-07-25 22:13:31.014 [main] XBeanDebug - Resolving type for handle stcelltypebf95type
[DEBUG] 2024-07-25 22:25:08.842 [main] PackageRelationshipCollection - Parsing relationship: /xl/_rels/workbook.xml.rels
[DEBUG] 2024-07-25 22:25:08.854 [main] PackageRelationshipCollection - Parsing relationship: /_rels/.rels
[TRACE] 2024-07-25 22:25:09.113 [main] XBeanDebug - Loading type system org.apache.poi.schemas.ooxml.system.ooxml
[TRACE] 2024-07-25 22:25:09.117 [main] XBeanDebug - Loading type system org.apache.xmlbeans.metadata.system.sXMLCONFIG
[TRACE] 2024-07-25 22:25:09.119 [main] XBeanDebug - Loading type system org.apache.xmlbeans.metadata.system.sXMLLANG
[TRACE] 2024-07-25 22:25:09.120 [main] XBeanDebug - Loading type system org.apache.xmlbeans.metadata.system.sXMLSCHEMA
[TRACE] 2024-07-25 22:25:09.121 [main] XBeanDebug - Loading type system org.apache.xmlbeans.metadata.system.sXMLTOOLS
[TRACE] 2024-07-25 22:25:09.123 [main] XBeanDebug - Reading unresolved handles for type system org.apache.xmlbeans.metadata.system.sXMLTOOLS
[TRACE] 2024-07-25 22:25:09.144 [main] XBeanDebug - Finished loading type system org.apache.xmlbeans.metadata.system.sXMLTOOLS
[TRACE] 2024-07-25 22:25:09.146 [main] XBeanDebug - Reading unresolved handles for type system org.apache.xmlbeans.metadata.system.sXMLSCHEMA
[TRACE] 2024-07-25 22:25:09.162 [main] XBeanDebug - Finished loading type system org.apache.xmlbeans.metadata.system.sXMLSCHEMA
[TRACE] 2024-07-25 22:25:09.164 [main] XBeanDebug - Reading unresolved handles for type system org.apache.xmlbeans.metadata.system.sXMLLANG
[TRACE] 2024-07-25 22:25:09.166 [main] XBeanDebug - Finished loading type system org.apache.xmlbeans.metadata.system.sXMLLANG
[TRACE] 2024-07-25 22:25:09.168 [main] XBeanDebug - Reading unresolved handles for type system org.apache.xmlbeans.metadata.system.sXMLCONFIG
[TRACE] 2024-07-25 22:25:09.183 [main] XBeanDebug - Finished loading type system org.apache.xmlbeans.metadata.system.sXMLCONFIG
[TRACE] 2024-07-25 22:25:09.184 [main] XBeanDebug - Reading unresolved handles for type system org.apache.poi.schemas.ooxml.system.ooxml
[TRACE] 2024-07-25 22:25:09.293 [main] XBeanDebug - Finished loading type system org.apache.poi.schemas.ooxml.system.ooxml
[TRACE] 2024-07-25 22:25:09.294 [main] XBeanDebug - Resolving type for handle themefd26doctype
[TRACE] 2024-07-25 22:25:09.381 [main] XBeanDebug - Resolving type for handle stylesheet5d8bdoctype
[TRACE] 2024-07-25 22:25:09.393 [main] XBeanDebug - Resolving type for handle ctstylesheet4257type
[TRACE] 2024-07-25 22:25:09.401 [main] XBeanDebug - Resolving type for handle ctfonts6623type
[TRACE] 2024-07-25 22:25:09.405 [main] XBeanDebug - Resolving type for handle ctfont14d8type
[TRACE] 2024-07-25 22:25:09.418 [main] XBeanDebug - Resolving type for handle ctfills2c6ftype
[TRACE] 2024-07-25 22:25:09.422 [main] XBeanDebug - Resolving type for handle ctfill550ctype
[TRACE] 2024-07-25 22:25:09.425 [main] XBeanDebug - Resolving type for handle ctborders0d66type
[TRACE] 2024-07-25 22:25:09.429 [main] XBeanDebug - Resolving type for handle ctborderf935type
[TRACE] 2024-07-25 22:25:09.435 [main] XBeanDebug - Resolving type for handle ctcellxfs1322type
[TRACE] 2024-07-25 22:25:09.438 [main] XBeanDebug - Resolving type for handle ctxf97f7type
[TRACE] 2024-07-25 22:25:09.443 [main] XBeanDebug - Resolving type for handle ctcellstylexfsa81ftype
[TRACE] 2024-07-25 22:25:09.448 [main] XBeanDebug - Resolving type for handle ctdxfsb26atype
[TRACE] 2024-07-25 22:25:09.451 [main] XBeanDebug - Resolving type for handle cttablestyles872ftype
[TRACE] 2024-07-25 22:25:09.458 [main] XBeanDebug - Resolving type for handle sstf81fdoctype
[TRACE] 2024-07-25 22:25:09.467 [main] XBeanDebug - Resolving type for handle ctsst44f3type
[TRACE] 2024-07-25 22:25:09.487 [main] XBeanDebug - Resolving type for handle ctrsta472type
[TRACE] 2024-07-25 22:25:09.511 [main] XBeanDebug - Resolving type for handle workbookec17doctype
[TRACE] 2024-07-25 22:25:09.519 [main] XBeanDebug - Resolving type for handle ctworkbook83c3type
[TRACE] 2024-07-25 22:25:09.528 [main] XBeanDebug - Resolving type for handle ctsheets49fdtype
[TRACE] 2024-07-25 22:25:09.532 [main] XBeanDebug - Resolving type for handle ctsheet4dbetype
[TRACE] 2024-07-25 22:25:09.537 [main] XBeanDebug - Resolving type for handle strelationshipid1e94type
[TRACE] 2024-07-25 22:25:09.541 [main] XBeanDebug - Resolving type for handle worksheetf539doctype
[TRACE] 2024-07-25 22:25:09.551 [main] XBeanDebug - Resolving type for handle ctworksheet530dtype
[TRACE] 2024-07-25 22:25:09.563 [main] XBeanDebug - Resolving type for handle ctcols627ctype
[TRACE] 2024-07-25 22:25:09.571 [main] XBeanDebug - Resolving type for handle ctcola95ftype
[TRACE] 2024-07-25 22:25:09.604 [main] XBeanDebug - Resolving type for handle ctsheetdata8408type
[TRACE] 2024-07-25 22:25:09.608 [main] XBeanDebug - Resolving type for handle ctrowdd39type
[TRACE] 2024-07-25 22:25:09.615 [main] XBeanDebug - Resolving type for handle ctcell842btype
[TRACE] 2024-07-25 22:25:09.623 [main] XBeanDebug - Resolving type for handle stcellrefe4e0type
[TRACE] 2024-07-25 22:25:09.631 [main] XBeanDebug - Resolving type for handle stxstringf179type
[DEBUG] 2024-07-25 22:25:09.648 [main] PackageRelationshipCollection - Parsing relationship: /xl/_rels/workbook.xml.rels
[DEBUG] 2024-07-25 22:25:09.651 [main] PackageRelationshipCollection - Parsing relationship: /_rels/.rels
[TRACE] 2024-07-25 22:25:09.699 [main] XBeanDebug - Resolving type for handle stcelltypebf95type
[DEBUG] 2024-07-25 23:01:43.395 [main] PackageRelationshipCollection - Parsing relationship: /xl/_rels/workbook.xml.rels
[DEBUG] 2024-07-25 23:01:43.407 [main] PackageRelationshipCollection - Parsing relationship: /_rels/.rels
[TRACE] 2024-07-25 23:01:43.714 [main] XBeanDebug - Loading type system org.apache.poi.schemas.ooxml.system.ooxml
[TRACE] 2024-07-25 23:01:43.722 [main] XBeanDebug - Loading type system org.apache.xmlbeans.metadata.system.sXMLCONFIG
[TRACE] 2024-07-25 23:01:43.724 [main] XBeanDebug - Loading type system org.apache.xmlbeans.metadata.system.sXMLLANG
[TRACE] 2024-07-25 23:01:43.725 [main] XBeanDebug - Loading type system org.apache.xmlbeans.metadata.system.sXMLSCHEMA
[TRACE] 2024-07-25 23:01:43.726 [main] XBeanDebug - Loading type system org.apache.xmlbeans.metadata.system.sXMLTOOLS
[TRACE] 2024-07-25 23:01:43.728 [main] XBeanDebug - Reading unresolved handles for type system org.apache.xmlbeans.metadata.system.sXMLTOOLS
[TRACE] 2024-07-25 23:01:43.759 [main] XBeanDebug - Finished loading type system org.apache.xmlbeans.metadata.system.sXMLTOOLS
[TRACE] 2024-07-25 23:01:43.761 [main] XBeanDebug - Reading unresolved handles for type system org.apache.xmlbeans.metadata.system.sXMLSCHEMA
[TRACE] 2024-07-25 23:01:43.776 [main] XBeanDebug - Finished loading type system org.apache.xmlbeans.metadata.system.sXMLSCHEMA
[TRACE] 2024-07-25 23:01:43.778 [main] XBeanDebug - Reading unresolved handles for type system org.apache.xmlbeans.metadata.system.sXMLLANG
[TRACE] 2024-07-25 23:01:43.786 [main] XBeanDebug - Finished loading type system org.apache.xmlbeans.metadata.system.sXMLLANG
[TRACE] 2024-07-25 23:01:43.788 [main] XBeanDebug - Reading unresolved handles for type system org.apache.xmlbeans.metadata.system.sXMLCONFIG
[TRACE] 2024-07-25 23:01:43.802 [main] XBeanDebug - Finished loading type system org.apache.xmlbeans.metadata.system.sXMLCONFIG
[TRACE] 2024-07-25 23:01:43.804 [main] XBeanDebug - Reading unresolved handles for type system org.apache.poi.schemas.ooxml.system.ooxml
[TRACE] 2024-07-25 23:01:43.938 [main] XBeanDebug - Finished loading type system org.apache.poi.schemas.ooxml.system.ooxml
[TRACE] 2024-07-25 23:01:43.940 [main] XBeanDebug - Resolving type for handle themefd26doctype
[TRACE] 2024-07-25 23:01:44.059 [main] XBeanDebug - Resolving type for handle stylesheet5d8bdoctype
[TRACE] 2024-07-25 23:01:44.071 [main] XBeanDebug - Resolving type for handle ctstylesheet4257type
[TRACE] 2024-07-25 23:01:44.079 [main] XBeanDebug - Resolving type for handle ctfonts6623type
[TRACE] 2024-07-25 23:01:44.085 [main] XBeanDebug - Resolving type for handle ctfont14d8type
[TRACE] 2024-07-25 23:01:44.097 [main] XBeanDebug - Resolving type for handle ctfills2c6ftype
[TRACE] 2024-07-25 23:01:44.102 [main] XBeanDebug - Resolving type for handle ctfill550ctype
[TRACE] 2024-07-25 23:01:44.107 [main] XBeanDebug - Resolving type for handle ctborders0d66type
[TRACE] 2024-07-25 23:01:44.110 [main] XBeanDebug - Resolving type for handle ctborderf935type
[TRACE] 2024-07-25 23:01:44.114 [main] XBeanDebug - Resolving type for handle ctcellxfs1322type
[TRACE] 2024-07-25 23:01:44.120 [main] XBeanDebug - Resolving type for handle ctxf97f7type
[TRACE] 2024-07-25 23:01:44.129 [main] XBeanDebug - Resolving type for handle ctcellstylexfsa81ftype
[TRACE] 2024-07-25 23:01:44.132 [main] XBeanDebug - Resolving type for handle ctdxfsb26atype
[TRACE] 2024-07-25 23:01:44.138 [main] XBeanDebug - Resolving type for handle cttablestyles872ftype
[TRACE] 2024-07-25 23:01:44.143 [main] XBeanDebug - Resolving type for handle sstf81fdoctype
[TRACE] 2024-07-25 23:01:44.155 [main] XBeanDebug - Resolving type for handle ctsst44f3type
[TRACE] 2024-07-25 23:01:44.174 [main] XBeanDebug - Resolving type for handle ctrsta472type
[TRACE] 2024-07-25 23:01:44.202 [main] XBeanDebug - Resolving type for handle workbookec17doctype
[TRACE] 2024-07-25 23:01:44.214 [main] XBeanDebug - Resolving type for handle ctworkbook83c3type
[TRACE] 2024-07-25 23:01:44.223 [main] XBeanDebug - Resolving type for handle ctsheets49fdtype
[TRACE] 2024-07-25 23:01:44.226 [main] XBeanDebug - Resolving type for handle ctsheet4dbetype
[TRACE] 2024-07-25 23:01:44.230 [main] XBeanDebug - Resolving type for handle strelationshipid1e94type
[TRACE] 2024-07-25 23:01:44.238 [main] XBeanDebug - Resolving type for handle worksheetf539doctype
[TRACE] 2024-07-25 23:01:44.246 [main] XBeanDebug - Resolving type for handle ctworksheet530dtype
[TRACE] 2024-07-25 23:01:44.261 [main] XBeanDebug - Resolving type for handle ctcols627ctype
[TRACE] 2024-07-25 23:01:44.271 [main] XBeanDebug - Resolving type for handle ctcola95ftype
[TRACE] 2024-07-25 23:01:44.328 [main] XBeanDebug - Resolving type for handle ctsheetdata8408type
[TRACE] 2024-07-25 23:01:44.332 [main] XBeanDebug - Resolving type for handle ctrowdd39type
[TRACE] 2024-07-25 23:01:44.340 [main] XBeanDebug - Resolving type for handle ctcell842btype
[TRACE] 2024-07-25 23:01:44.351 [main] XBeanDebug - Resolving type for handle stcellrefe4e0type
[TRACE] 2024-07-25 23:01:44.361 [main] XBeanDebug - Resolving type for handle stxstringf179type
[DEBUG] 2024-07-25 23:01:44.381 [main] PackageRelationshipCollection - Parsing relationship: /xl/_rels/workbook.xml.rels
[DEBUG] 2024-07-25 23:01:44.384 [main] PackageRelationshipCollection - Parsing relationship: /_rels/.rels
[TRACE] 2024-07-25 23:01:44.435 [main] XBeanDebug - Resolving type for handle stcelltypebf95type
[DEBUG] 2024-07-25 23:03:00.269 [main] PackageRelationshipCollection - Parsing relationship: /xl/_rels/workbook.xml.rels
[DEBUG] 2024-07-25 23:03:00.288 [main] PackageRelationshipCollection - Parsing relationship: /_rels/.rels
[TRACE] 2024-07-25 23:03:00.693 [main] XBeanDebug - Loading type system org.apache.poi.schemas.ooxml.system.ooxml
[TRACE] 2024-07-25 23:03:00.698 [main] XBeanDebug - Loading type system org.apache.xmlbeans.metadata.system.sXMLCONFIG
[TRACE] 2024-07-25 23:03:00.700 [main] XBeanDebug - Loading type system org.apache.xmlbeans.metadata.system.sXMLLANG
[TRACE] 2024-07-25 23:03:00.701 [main] XBeanDebug - Loading type system org.apache.xmlbeans.metadata.system.sXMLSCHEMA
[TRACE] 2024-07-25 23:03:00.702 [main] XBeanDebug - Loading type system org.apache.xmlbeans.metadata.system.sXMLTOOLS
[TRACE] 2024-07-25 23:03:00.704 [main] XBeanDebug - Reading unresolved handles for type system org.apache.xmlbeans.metadata.system.sXMLTOOLS
[TRACE] 2024-07-25 23:03:00.734 [main] XBeanDebug - Finished loading type system org.apache.xmlbeans.metadata.system.sXMLTOOLS
[TRACE] 2024-07-25 23:03:00.736 [main] XBeanDebug - Reading unresolved handles for type system org.apache.xmlbeans.metadata.system.sXMLSCHEMA
[TRACE] 2024-07-25 23:03:00.764 [main] XBeanDebug - Finished loading type system org.apache.xmlbeans.metadata.system.sXMLSCHEMA
[TRACE] 2024-07-25 23:03:00.766 [main] XBeanDebug - Reading unresolved handles for type system org.apache.xmlbeans.metadata.system.sXMLLANG
[TRACE] 2024-07-25 23:03:00.769 [main] XBeanDebug - Finished loading type system org.apache.xmlbeans.metadata.system.sXMLLANG
[TRACE] 2024-07-25 23:03:00.770 [main] XBeanDebug - Reading unresolved handles for type system org.apache.xmlbeans.metadata.system.sXMLCONFIG
[TRACE] 2024-07-25 23:03:00.772 [main] XBeanDebug - Finished loading type system org.apache.xmlbeans.metadata.system.sXMLCONFIG
[TRACE] 2024-07-25 23:03:00.774 [main] XBeanDebug - Reading unresolved handles for type system org.apache.poi.schemas.ooxml.system.ooxml
[TRACE] 2024-07-25 23:03:00.933 [main] XBeanDebug - Finished loading type system org.apache.poi.schemas.ooxml.system.ooxml
[TRACE] 2024-07-25 23:03:00.936 [main] XBeanDebug - Resolving type for handle themefd26doctype
[TRACE] 2024-07-25 23:03:01.048 [main] XBeanDebug - Resolving type for handle stylesheet5d8bdoctype
[TRACE] 2024-07-25 23:03:01.063 [main] XBeanDebug - Resolving type for handle ctstylesheet4257type
[TRACE] 2024-07-25 23:03:01.072 [main] XBeanDebug - Resolving type for handle ctfonts6623type
[TRACE] 2024-07-25 23:03:01.077 [main] XBeanDebug - Resolving type for handle ctfont14d8type
[TRACE] 2024-07-25 23:03:01.088 [main] XBeanDebug - Resolving type for handle ctfills2c6ftype
[TRACE] 2024-07-25 23:03:01.092 [main] XBeanDebug - Resolving type for handle ctfill550ctype
[TRACE] 2024-07-25 23:03:01.096 [main] XBeanDebug - Resolving type for handle ctborders0d66type
[TRACE] 2024-07-25 23:03:01.099 [main] XBeanDebug - Resolving type for handle ctborderf935type
[TRACE] 2024-07-25 23:03:01.105 [main] XBeanDebug - Resolving type for handle ctcellxfs1322type
[TRACE] 2024-07-25 23:03:01.110 [main] XBeanDebug - Resolving type for handle ctxf97f7type
[TRACE] 2024-07-25 23:03:01.117 [main] XBeanDebug - Resolving type for handle ctcellstylexfsa81ftype
[TRACE] 2024-07-25 23:03:01.121 [main] XBeanDebug - Resolving type for handle ctdxfsb26atype
[TRACE] 2024-07-25 23:03:01.126 [main] XBeanDebug - Resolving type for handle cttablestyles872ftype
[TRACE] 2024-07-25 23:03:01.135 [main] XBeanDebug - Resolving type for handle sstf81fdoctype
[TRACE] 2024-07-25 23:03:01.146 [main] XBeanDebug - Resolving type for handle ctsst44f3type
[TRACE] 2024-07-25 23:03:01.167 [main] XBeanDebug - Resolving type for handle ctrsta472type
[TRACE] 2024-07-25 23:03:01.196 [main] XBeanDebug - Resolving type for handle workbookec17doctype
[TRACE] 2024-07-25 23:03:01.209 [main] XBeanDebug - Resolving type for handle ctworkbook83c3type
[TRACE] 2024-07-25 23:03:01.218 [main] XBeanDebug - Resolving type for handle ctsheets49fdtype
[TRACE] 2024-07-25 23:03:01.222 [main] XBeanDebug - Resolving type for handle ctsheet4dbetype
[TRACE] 2024-07-25 23:03:01.226 [main] XBeanDebug - Resolving type for handle strelationshipid1e94type
[TRACE] 2024-07-25 23:03:01.233 [main] XBeanDebug - Resolving type for handle worksheetf539doctype
[TRACE] 2024-07-25 23:03:01.246 [main] XBeanDebug - Resolving type for handle ctworksheet530dtype
[TRACE] 2024-07-25 23:03:01.263 [main] XBeanDebug - Resolving type for handle ctcols627ctype
[TRACE] 2024-07-25 23:03:01.275 [main] XBeanDebug - Resolving type for handle ctcola95ftype
[TRACE] 2024-07-25 23:03:01.312 [main] XBeanDebug - Resolving type for handle ctsheetdata8408type
[TRACE] 2024-07-25 23:03:01.318 [main] XBeanDebug - Resolving type for handle ctrowdd39type
[TRACE] 2024-07-25 23:03:01.325 [main] XBeanDebug - Resolving type for handle ctcell842btype
[TRACE] 2024-07-25 23:03:01.334 [main] XBeanDebug - Resolving type for handle stcellrefe4e0type
[TRACE] 2024-07-25 23:03:01.344 [main] XBeanDebug - Resolving type for handle stxstringf179type
[DEBUG] 2024-07-25 23:03:01.365 [main] PackageRelationshipCollection - Parsing relationship: /xl/_rels/workbook.xml.rels
[DEBUG] 2024-07-25 23:03:01.369 [main] PackageRelationshipCollection - Parsing relationship: /_rels/.rels
[TRACE] 2024-07-25 23:03:01.423 [main] XBeanDebug - Resolving type for handle stcelltypebf95type
[DEBUG] 2024-07-25 23:05:52.424 [main] PackageRelationshipCollection - Parsing relationship: /xl/_rels/workbook.xml.rels
[DEBUG] 2024-07-25 23:05:52.434 [main] PackageRelationshipCollection - Parsing relationship: /_rels/.rels
[TRACE] 2024-07-25 23:05:52.700 [main] XBeanDebug - Loading type system org.apache.poi.schemas.ooxml.system.ooxml
[TRACE] 2024-07-25 23:05:52.706 [main] XBeanDebug - Loading type system org.apache.xmlbeans.metadata.system.sXMLCONFIG
[TRACE] 2024-07-25 23:05:52.707 [main] XBeanDebug - Loading type system org.apache.xmlbeans.metadata.system.sXMLLANG
[TRACE] 2024-07-25 23:05:52.709 [main] XBeanDebug - Loading type system org.apache.xmlbeans.metadata.system.sXMLSCHEMA
[TRACE] 2024-07-25 23:05:52.709 [main] XBeanDebug - Loading type system org.apache.xmlbeans.metadata.system.sXMLTOOLS
[TRACE] 2024-07-25 23:05:52.711 [main] XBeanDebug - Reading unresolved handles for type system org.apache.xmlbeans.metadata.system.sXMLTOOLS
[TRACE] 2024-07-25 23:05:52.732 [main] XBeanDebug - Finished loading type system org.apache.xmlbeans.metadata.system.sXMLTOOLS
[TRACE] 2024-07-25 23:05:52.734 [main] XBeanDebug - Reading unresolved handles for type system org.apache.xmlbeans.metadata.system.sXMLSCHEMA
[TRACE] 2024-07-25 23:05:52.748 [main] XBeanDebug - Finished loading type system org.apache.xmlbeans.metadata.system.sXMLSCHEMA
[TRACE] 2024-07-25 23:05:52.750 [main] XBeanDebug - Reading unresolved handles for type system org.apache.xmlbeans.metadata.system.sXMLLANG
[TRACE] 2024-07-25 23:05:52.752 [main] XBeanDebug - Finished loading type system org.apache.xmlbeans.metadata.system.sXMLLANG
[TRACE] 2024-07-25 23:05:52.753 [main] XBeanDebug - Reading unresolved handles for type system org.apache.xmlbeans.metadata.system.sXMLCONFIG
[TRACE] 2024-07-25 23:05:52.766 [main] XBeanDebug - Finished loading type system org.apache.xmlbeans.metadata.system.sXMLCONFIG
[TRACE] 2024-07-25 23:05:52.768 [main] XBeanDebug - Reading unresolved handles for type system org.apache.poi.schemas.ooxml.system.ooxml
[TRACE] 2024-07-25 23:05:52.877 [main] XBeanDebug - Finished loading type system org.apache.poi.schemas.ooxml.system.ooxml
[TRACE] 2024-07-25 23:05:52.878 [main] XBeanDebug - Resolving type for handle themefd26doctype
[TRACE] 2024-07-25 23:05:52.978 [main] XBeanDebug - Resolving type for handle stylesheet5d8bdoctype
[TRACE] 2024-07-25 23:05:52.990 [main] XBeanDebug - Resolving type for handle ctstylesheet4257type
[TRACE] 2024-07-25 23:05:52.997 [main] XBeanDebug - Resolving type for handle ctfonts6623type
[TRACE] 2024-07-25 23:05:53.001 [main] XBeanDebug - Resolving type for handle ctfont14d8type
[TRACE] 2024-07-25 23:05:53.011 [main] XBeanDebug - Resolving type for handle ctfills2c6ftype
[TRACE] 2024-07-25 23:05:53.015 [main] XBeanDebug - Resolving type for handle ctfill550ctype
[TRACE] 2024-07-25 23:05:53.019 [main] XBeanDebug - Resolving type for handle ctborders0d66type
[TRACE] 2024-07-25 23:05:53.023 [main] XBeanDebug - Resolving type for handle ctborderf935type
[TRACE] 2024-07-25 23:05:53.028 [main] XBeanDebug - Resolving type for handle ctcellxfs1322type
[TRACE] 2024-07-25 23:05:53.032 [main] XBeanDebug - Resolving type for handle ctxf97f7type
[TRACE] 2024-07-25 23:05:53.037 [main] XBeanDebug - Resolving type for handle ctcellstylexfsa81ftype
[TRACE] 2024-07-25 23:05:53.041 [main] XBeanDebug - Resolving type for handle ctdxfsb26atype
[TRACE] 2024-07-25 23:05:53.046 [main] XBeanDebug - Resolving type for handle cttablestyles872ftype
[TRACE] 2024-07-25 23:05:53.053 [main] XBeanDebug - Resolving type for handle sstf81fdoctype
[TRACE] 2024-07-25 23:05:53.060 [main] XBeanDebug - Resolving type for handle ctsst44f3type
[TRACE] 2024-07-25 23:05:53.076 [main] XBeanDebug - Resolving type for handle ctrsta472type
[TRACE] 2024-07-25 23:05:53.100 [main] XBeanDebug - Resolving type for handle workbookec17doctype
[TRACE] 2024-07-25 23:05:53.109 [main] XBeanDebug - Resolving type for handle ctworkbook83c3type
[TRACE] 2024-07-25 23:05:53.118 [main] XBeanDebug - Resolving type for handle ctsheets49fdtype
[TRACE] 2024-07-25 23:05:53.121 [main] XBeanDebug - Resolving type for handle ctsheet4dbetype
[TRACE] 2024-07-25 23:05:53.124 [main] XBeanDebug - Resolving type for handle strelationshipid1e94type
[TRACE] 2024-07-25 23:05:53.129 [main] XBeanDebug - Resolving type for handle worksheetf539doctype
[TRACE] 2024-07-25 23:05:53.139 [main] XBeanDebug - Resolving type for handle ctworksheet530dtype
[TRACE] 2024-07-25 23:05:53.152 [main] XBeanDebug - Resolving type for handle ctcols627ctype
[TRACE] 2024-07-25 23:05:53.161 [main] XBeanDebug - Resolving type for handle ctcola95ftype
[TRACE] 2024-07-25 23:05:53.194 [main] XBeanDebug - Resolving type for handle ctsheetdata8408type
[TRACE] 2024-07-25 23:05:53.198 [main] XBeanDebug - Resolving type for handle ctrowdd39type
[TRACE] 2024-07-25 23:05:53.204 [main] XBeanDebug - Resolving type for handle ctcell842btype
[TRACE] 2024-07-25 23:05:53.215 [main] XBeanDebug - Resolving type for handle stcellrefe4e0type
[TRACE] 2024-07-25 23:05:53.224 [main] XBeanDebug - Resolving type for handle stxstringf179type
[DEBUG] 2024-07-25 23:05:53.243 [main] PackageRelationshipCollection - Parsing relationship: /xl/_rels/workbook.xml.rels
[DEBUG] 2024-07-25 23:05:53.246 [main] PackageRelationshipCollection - Parsing relationship: /_rels/.rels
[TRACE] 2024-07-25 23:05:53.295 [main] XBeanDebug - Resolving type for handle stcelltypebf95type
