[DEBUG] 2024-08-06 00:02:34.895 [main] InternalLoggerFactory - Using Log4J2 as the default logging framework
[DEBUG] 2024-08-06 00:02:35.362 [main] ResourceLeakDetector - -Dio.netty.leakDetection.level: simple
[DEBUG] 2024-08-06 00:02:35.362 [main] ResourceLeakDetector - -Dio.netty.leakDetection.targetRecords: 4
[DEBUG] 2024-08-06 00:02:35.440 [main] ResourceLeakDetectorFactory - Loaded default ResourceLeakDetector: io.netty.util.ResourceLeakDetector@127f9161
[DEBUG] 2024-08-06 00:02:35.705 [main] PlatformDependent - Platform: Windows
[DEBUG] 2024-08-06 00:02:35.741 [main] PlatformDependent0 - -Dio.netty.noUnsafe: false
[DEBUG] 2024-08-06 00:02:35.742 [main] PlatformDependent0 - Java version: 22
[DEBUG] 2024-08-06 00:02:35.776 [main] PlatformDependent0 - sun.misc.Unsafe.theUnsafe: available
[DEBUG] 2024-08-06 00:02:35.789 [main] PlatformDependent0 - sun.misc.Unsafe.copyMemory: available
[DEBUG] 2024-08-06 00:02:35.797 [main] PlatformDependent0 - java.nio.Buffer.address: available
[DEBUG] 2024-08-06 00:02:35.814 [main] PlatformDependent0 - direct buffer constructor: unavailable
java.lang.NoSuchMethodException: java.nio.DirectByteBuffer.<init>(long,int)
	at java.base/java.lang.Class.getConstructor0(Class.java:3784) ~[?:?]
	at java.base/java.lang.Class.getDeclaredConstructor(Class.java:2955) ~[?:?]
	at io.netty.util.internal.PlatformDependent0$4.run(PlatformDependent0.java:237) ~[netty-common-4.1.60.Final.jar:4.1.60.Final]
	at java.base/java.security.AccessController.doPrivileged(AccessController.java:319) ~[?:?]
	at io.netty.util.internal.PlatformDependent0.<clinit>(PlatformDependent0.java:232) [netty-common-4.1.60.Final.jar:4.1.60.Final]
	at io.netty.util.internal.PlatformDependent.isAndroid(PlatformDependent.java:294) [netty-common-4.1.60.Final.jar:4.1.60.Final]
	at io.netty.util.internal.PlatformDependent.<clinit>(PlatformDependent.java:93) [netty-common-4.1.60.Final.jar:4.1.60.Final]
	at io.netty.util.HashedWheelTimer.<init>(HashedWheelTimer.java:109) [netty-common-4.1.60.Final.jar:4.1.60.Final]
	at io.netty.util.HashedWheelTimer.<init>(HashedWheelTimer.java:218) [netty-common-4.1.60.Final.jar:4.1.60.Final]
	at io.netty.util.HashedWheelTimer.<init>(HashedWheelTimer.java:197) [netty-common-4.1.60.Final.jar:4.1.60.Final]
	at org.asynchttpclient.DefaultAsyncHttpClient.newNettyTimer(DefaultAsyncHttpClient.java:111) [async-http-client-2.12.3.jar:?]
	at org.asynchttpclient.DefaultAsyncHttpClient.<init>(DefaultAsyncHttpClient.java:90) [async-http-client-2.12.3.jar:?]
	at org.asynchttpclient.Dsl.asyncHttpClient(Dsl.java:32) [async-http-client-2.12.3.jar:?]
	at com.applitools.eyes.universal.USDKConnection.openWebsocket(USDKConnection.java:42) [eyes-sdk-core-java5-5.72.1.jar:?]
	at com.applitools.eyes.universal.USDKConnection.init(USDKConnection.java:33) [eyes-sdk-core-java5-5.72.1.jar:?]
	at com.applitools.eyes.universal.CommandExecutor.<init>(CommandExecutor.java:45) [eyes-sdk-core-java5-5.72.1.jar:?]
	at com.applitools.eyes.universal.CommandExecutor.getInstance(CommandExecutor.java:36) [eyes-sdk-core-java5-5.72.1.jar:?]
	at com.applitools.eyes.EyesRunner.runServer(EyesRunner.java:70) [eyes-sdk-core-java5-5.72.1.jar:?]
	at com.applitools.eyes.EyesRunner.<init>(EyesRunner.java:57) [eyes-sdk-core-java5-5.72.1.jar:?]
	at com.applitools.eyes.selenium.ClassicRunner.<init>(ClassicRunner.java:17) [eyes-selenium-java5-5.69.4.jar:?]
	at com.applitools.eyes.selenium.Eyes.<init>(Eyes.java:82) [eyes-selenium-java5-5.69.4.jar:?]
	at test.ApplitoolsDemo.main(ApplitoolsDemo.java:18) [test-classes/:?]
[DEBUG] 2024-08-06 00:02:35.965 [main] PlatformDependent0 - java.nio.Bits.unaligned: available, true
[DEBUG] 2024-08-06 00:02:35.973 [main] PlatformDependent0 - jdk.internal.misc.Unsafe.allocateUninitializedArray(int): unavailable
java.lang.IllegalAccessException: class io.netty.util.internal.PlatformDependent0$6 cannot access class jdk.internal.misc.Unsafe (in module java.base) because module java.base does not export jdk.internal.misc to unnamed module @4466af20
	at java.base/jdk.internal.reflect.Reflection.newIllegalAccessException(Reflection.java:398) ~[?:?]
	at java.base/java.lang.reflect.AccessibleObject.checkAccess(AccessibleObject.java:709) ~[?:?]
	at java.base/java.lang.reflect.Method.invoke(Method.java:571) ~[?:?]
	at io.netty.util.internal.PlatformDependent0$6.run(PlatformDependent0.java:352) ~[netty-common-4.1.60.Final.jar:4.1.60.Final]
	at java.base/java.security.AccessController.doPrivileged(AccessController.java:319) ~[?:?]
	at io.netty.util.internal.PlatformDependent0.<clinit>(PlatformDependent0.java:343) [netty-common-4.1.60.Final.jar:4.1.60.Final]
	at io.netty.util.internal.PlatformDependent.isAndroid(PlatformDependent.java:294) [netty-common-4.1.60.Final.jar:4.1.60.Final]
	at io.netty.util.internal.PlatformDependent.<clinit>(PlatformDependent.java:93) [netty-common-4.1.60.Final.jar:4.1.60.Final]
	at io.netty.util.HashedWheelTimer.<init>(HashedWheelTimer.java:109) [netty-common-4.1.60.Final.jar:4.1.60.Final]
	at io.netty.util.HashedWheelTimer.<init>(HashedWheelTimer.java:218) [netty-common-4.1.60.Final.jar:4.1.60.Final]
	at io.netty.util.HashedWheelTimer.<init>(HashedWheelTimer.java:197) [netty-common-4.1.60.Final.jar:4.1.60.Final]
	at org.asynchttpclient.DefaultAsyncHttpClient.newNettyTimer(DefaultAsyncHttpClient.java:111) [async-http-client-2.12.3.jar:?]
	at org.asynchttpclient.DefaultAsyncHttpClient.<init>(DefaultAsyncHttpClient.java:90) [async-http-client-2.12.3.jar:?]
	at org.asynchttpclient.Dsl.asyncHttpClient(Dsl.java:32) [async-http-client-2.12.3.jar:?]
	at com.applitools.eyes.universal.USDKConnection.openWebsocket(USDKConnection.java:42) [eyes-sdk-core-java5-5.72.1.jar:?]
	at com.applitools.eyes.universal.USDKConnection.init(USDKConnection.java:33) [eyes-sdk-core-java5-5.72.1.jar:?]
	at com.applitools.eyes.universal.CommandExecutor.<init>(CommandExecutor.java:45) [eyes-sdk-core-java5-5.72.1.jar:?]
	at com.applitools.eyes.universal.CommandExecutor.getInstance(CommandExecutor.java:36) [eyes-sdk-core-java5-5.72.1.jar:?]
	at com.applitools.eyes.EyesRunner.runServer(EyesRunner.java:70) [eyes-sdk-core-java5-5.72.1.jar:?]
	at com.applitools.eyes.EyesRunner.<init>(EyesRunner.java:57) [eyes-sdk-core-java5-5.72.1.jar:?]
	at com.applitools.eyes.selenium.ClassicRunner.<init>(ClassicRunner.java:17) [eyes-selenium-java5-5.69.4.jar:?]
	at com.applitools.eyes.selenium.Eyes.<init>(Eyes.java:82) [eyes-selenium-java5-5.69.4.jar:?]
	at test.ApplitoolsDemo.main(ApplitoolsDemo.java:18) [test-classes/:?]
[DEBUG] 2024-08-06 00:02:35.977 [main] PlatformDependent0 - java.nio.DirectByteBuffer.<init>(long, int): unavailable
[DEBUG] 2024-08-06 00:02:35.979 [main] PlatformDependent - sun.misc.Unsafe: available
[DEBUG] 2024-08-06 00:02:35.983 [main] PlatformDependent - maxDirectMemory: 2113929216 bytes (maybe)
[DEBUG] 2024-08-06 00:02:35.988 [main] PlatformDependent - -Dio.netty.tmpdir: C:\Users\Admin\AppData\Local\Temp (java.io.tmpdir)
[DEBUG] 2024-08-06 00:02:35.989 [main] PlatformDependent - -Dio.netty.bitMode: 64 (sun.arch.data.model)
[DEBUG] 2024-08-06 00:02:36.000 [main] PlatformDependent - -Dio.netty.maxDirectMemory: -1 bytes
[DEBUG] 2024-08-06 00:02:36.001 [main] PlatformDependent - -Dio.netty.uninitializedArrayAllocationThreshold: -1
[DEBUG] 2024-08-06 00:02:36.039 [main] CleanerJava9 - java.nio.ByteBuffer.cleaner(): available
[DEBUG] 2024-08-06 00:02:36.040 [main] PlatformDependent - -Dio.netty.noPreferDirect: false
[DEBUG] 2024-08-06 00:02:36.129 [main] PlatformDependent - org.jctools-core.MpscChunkedArrayQueue: available
[DEBUG] 2024-08-06 00:02:36.402 [main] JdkSslContext - Default protocols (JDK): [TLSv1.3, TLSv1.2] 
[DEBUG] 2024-08-06 00:02:36.403 [main] JdkSslContext - Default cipher suites (JDK): [TLS_ECDHE_ECDSA_WITH_AES_256_GCM_SHA384, TLS_ECDHE_ECDSA_WITH_AES_128_GCM_SHA256, TLS_ECDHE_RSA_WITH_AES_128_GCM_SHA256, TLS_ECDHE_RSA_WITH_AES_256_GCM_SHA384, TLS_ECDHE_RSA_WITH_AES_128_CBC_SHA, TLS_ECDHE_RSA_WITH_AES_256_CBC_SHA, TLS_RSA_WITH_AES_128_GCM_SHA256, TLS_RSA_WITH_AES_128_CBC_SHA, TLS_RSA_WITH_AES_256_CBC_SHA, TLS_AES_128_GCM_SHA256, TLS_AES_256_GCM_SHA384]
[DEBUG] 2024-08-06 00:02:36.596 [main] InternalThreadLocalMap - -Dio.netty.threadLocalMap.stringBuilder.initialSize: 1024
[DEBUG] 2024-08-06 00:02:36.597 [main] InternalThreadLocalMap - -Dio.netty.threadLocalMap.stringBuilder.maxSize: 4096
[DEBUG] 2024-08-06 00:02:36.651 [main] MultithreadEventLoopGroup - -Dio.netty.eventLoopThreads: 8
[DEBUG] 2024-08-06 00:02:36.723 [main] NioEventLoop - -Dio.netty.noKeySetOptimization: false
[DEBUG] 2024-08-06 00:02:36.727 [main] NioEventLoop - -Dio.netty.selectorAutoRebuildThreshold: 512
[TRACE] 2024-08-06 00:02:36.786 [main] NioEventLoop - instrumented a special java.util.Set into: sun.nio.ch.WEPollSelectorImpl@7aead3af
[TRACE] 2024-08-06 00:02:36.805 [main] NioEventLoop - instrumented a special java.util.Set into: sun.nio.ch.WEPollSelectorImpl@4b869331
[TRACE] 2024-08-06 00:02:36.823 [main] NioEventLoop - instrumented a special java.util.Set into: sun.nio.ch.WEPollSelectorImpl@38018b62
[TRACE] 2024-08-06 00:02:36.838 [main] NioEventLoop - instrumented a special java.util.Set into: sun.nio.ch.WEPollSelectorImpl@ce9b9a9
[TRACE] 2024-08-06 00:02:36.849 [main] NioEventLoop - instrumented a special java.util.Set into: sun.nio.ch.WEPollSelectorImpl@4ad3d266
[TRACE] 2024-08-06 00:02:36.861 [main] NioEventLoop - instrumented a special java.util.Set into: sun.nio.ch.WEPollSelectorImpl@3533df16
[TRACE] 2024-08-06 00:02:36.881 [main] NioEventLoop - instrumented a special java.util.Set into: sun.nio.ch.WEPollSelectorImpl@15d0849
[TRACE] 2024-08-06 00:02:36.932 [main] NioEventLoop - instrumented a special java.util.Set into: sun.nio.ch.WEPollSelectorImpl@4038cd3a
[DEBUG] 2024-08-06 00:02:37.215 [main] PooledByteBufAllocator - -Dio.netty.allocator.numHeapArenas: 8
[DEBUG] 2024-08-06 00:02:37.217 [main] PooledByteBufAllocator - -Dio.netty.allocator.numDirectArenas: 8
[DEBUG] 2024-08-06 00:02:37.217 [main] PooledByteBufAllocator - -Dio.netty.allocator.pageSize: 8192
[DEBUG] 2024-08-06 00:02:37.230 [main] PooledByteBufAllocator - -Dio.netty.allocator.maxOrder: 11
[DEBUG] 2024-08-06 00:02:37.231 [main] PooledByteBufAllocator - -Dio.netty.allocator.chunkSize: 16777216
[DEBUG] 2024-08-06 00:02:37.232 [main] PooledByteBufAllocator - -Dio.netty.allocator.smallCacheSize: 256
[DEBUG] 2024-08-06 00:02:37.232 [main] PooledByteBufAllocator - -Dio.netty.allocator.normalCacheSize: 64
[DEBUG] 2024-08-06 00:02:37.233 [main] PooledByteBufAllocator - -Dio.netty.allocator.maxCachedBufferCapacity: 32768
[DEBUG] 2024-08-06 00:02:37.233 [main] PooledByteBufAllocator - -Dio.netty.allocator.cacheTrimInterval: 8192
[DEBUG] 2024-08-06 00:02:37.234 [main] PooledByteBufAllocator - -Dio.netty.allocator.cacheTrimIntervalMillis: 0
[DEBUG] 2024-08-06 00:02:37.238 [main] PooledByteBufAllocator - -Dio.netty.allocator.useCacheForAllThreads: true
[DEBUG] 2024-08-06 00:02:37.238 [main] PooledByteBufAllocator - -Dio.netty.allocator.maxCachedByteBuffersPerChunk: 1023
[DEBUG] 2024-08-06 00:02:37.333 [main] ByteBufUtil - -Dio.netty.allocator.type: pooled
[DEBUG] 2024-08-06 00:02:37.334 [main] ByteBufUtil - -Dio.netty.threadLocalDirectBufferSize: 0
[DEBUG] 2024-08-06 00:02:37.335 [main] ByteBufUtil - -Dio.netty.maxThreadLocalCharBufferSize: 16384
[DEBUG] 2024-08-06 00:02:37.821 [main] ThreadLocalRandom - -Dio.netty.initialSeedUniquifier: 0x96cdf26cd565e973
[DEBUG] 2024-08-06 00:02:38.061 [main] DefaultChannelId - -Dio.netty.processId: 2428 (auto-detected)
[DEBUG] 2024-08-06 00:02:38.079 [main] NetUtil - -Djava.net.preferIPv4Stack: false
[DEBUG] 2024-08-06 00:02:38.080 [main] NetUtil - -Djava.net.preferIPv6Addresses: false
[DEBUG] 2024-08-06 00:02:38.111 [main] NetUtilInitializations - Loopback interface: loopback_0 (Software Loopback Interface 1, 0:0:0:0:0:0:0:1)
[DEBUG] 2024-08-06 00:02:38.131 [main] NetUtil - Failed to get SOMAXCONN from sysctl and file \proc\sys\net\core\somaxconn. Default: 200
[DEBUG] 2024-08-06 00:02:38.209 [main] DefaultChannelId - -Dio.netty.machineId: e0:db:55:ff:fe:a2:28:70 (auto-detected)
[DEBUG] 2024-08-06 00:02:38.933 [AsyncHttpClient-3-1] AbstractByteBuf - -Dio.netty.buffer.checkAccessible: true
[DEBUG] 2024-08-06 00:02:38.943 [AsyncHttpClient-3-1] AbstractByteBuf - -Dio.netty.buffer.checkBounds: true
[DEBUG] 2024-08-06 00:02:38.943 [AsyncHttpClient-3-1] ResourceLeakDetectorFactory - Loaded default ResourceLeakDetector: io.netty.util.ResourceLeakDetector@6fb9d979
[DEBUG] 2024-08-06 00:02:39.090 [AsyncHttpClient-3-2] Recycler - -Dio.netty.recycler.maxCapacityPerThread: 4096
[DEBUG] 2024-08-06 00:02:39.092 [AsyncHttpClient-3-2] Recycler - -Dio.netty.recycler.maxSharedCapacityFactor: 2
[DEBUG] 2024-08-06 00:02:39.092 [AsyncHttpClient-3-2] Recycler - -Dio.netty.recycler.linkCapacity: 16
[DEBUG] 2024-08-06 00:02:39.093 [AsyncHttpClient-3-2] Recycler - -Dio.netty.recycler.ratio: 8
[DEBUG] 2024-08-06 00:02:39.093 [AsyncHttpClient-3-2] Recycler - -Dio.netty.recycler.delayedQueue.ratio: 8
[TRACE] 2024-08-06 00:02:39.482 [AsyncHttpClient-3-2] WebSocket08FrameDecoder - Decoding WebSocket Frame opCode=1
[TRACE] 2024-08-06 00:02:39.483 [AsyncHttpClient-3-2] WebSocket08FrameDecoder - Decoding WebSocket Frame length=131
[TRACE] 2024-08-06 00:02:40.633 [AsyncHttpClient-3-2] WebSocket08FrameEncoder - Encoding WebSocket Frame opCode=1 length=306
[TRACE] 2024-08-06 00:02:40.650 [AsyncHttpClient-3-2] WebSocket08FrameEncoder - Encoding WebSocket Frame opCode=1 length=101
[TRACE] 2024-08-06 00:02:40.840 [AsyncHttpClient-3-2] WebSocket08FrameDecoder - Decoding WebSocket Frame opCode=1
[TRACE] 2024-08-06 00:02:40.841 [AsyncHttpClient-3-2] WebSocket08FrameDecoder - Decoding WebSocket Frame length=154
[TRACE] 2024-08-06 00:02:41.160 [AsyncHttpClient-3-2] WebSocket08FrameEncoder - Encoding WebSocket Frame opCode=1 length=2045
[TRACE] 2024-08-06 00:02:43.412 [AsyncHttpClient-3-2] WebSocket08FrameDecoder - Decoding WebSocket Frame opCode=1
[TRACE] 2024-08-06 00:02:43.412 [AsyncHttpClient-3-2] WebSocket08FrameDecoder - Decoding WebSocket Frame length=158
[TRACE] 2024-08-06 00:02:54.099 [AsyncHttpClient-3-2] WebSocket08FrameEncoder - Encoding WebSocket Frame opCode=1 length=617
[TRACE] 2024-08-06 00:03:17.796 [AsyncHttpClient-3-2] WebSocket08FrameDecoder - Decoding WebSocket Frame opCode=1
[TRACE] 2024-08-06 00:03:17.797 [AsyncHttpClient-3-2] WebSocket08FrameDecoder - Decoding WebSocket Frame length=79
[TRACE] 2024-08-06 00:03:32.838 [AsyncHttpClient-3-2] WebSocket08FrameEncoder - Encoding WebSocket Frame opCode=1 length=617
[TRACE] 2024-08-06 00:03:45.742 [AsyncHttpClient-3-2] WebSocket08FrameDecoder - Decoding WebSocket Frame opCode=1
[TRACE] 2024-08-06 00:03:45.743 [AsyncHttpClient-3-2] WebSocket08FrameDecoder - Decoding WebSocket Frame length=79
[TRACE] 2024-08-06 00:03:46.053 [AsyncHttpClient-3-2] WebSocket08FrameEncoder - Encoding WebSocket Frame opCode=1 length=557
[TRACE] 2024-08-06 00:03:46.330 [AsyncHttpClient-3-2] WebSocket08FrameDecoder - Decoding WebSocket Frame opCode=1
[TRACE] 2024-08-06 00:03:46.330 [AsyncHttpClient-3-2] WebSocket08FrameDecoder - Decoding WebSocket Frame length=79
[TRACE] 2024-08-06 00:03:46.337 [AsyncHttpClient-3-2] WebSocket08FrameEncoder - Encoding WebSocket Frame opCode=1 length=180
[TRACE] 2024-08-06 00:04:01.053 [AsyncHttpClient-3-2] WebSocket08FrameDecoder - Decoding WebSocket Frame opCode=1
[TRACE] 2024-08-06 00:04:01.054 [AsyncHttpClient-3-2] WebSocket08FrameDecoder - Decoding WebSocket Frame length=5272
[TRACE] 2024-08-06 00:04:04.745 [AsyncHttpClient-3-2] WebSocket08FrameEncoder - Encoding WebSocket Frame opCode=1 length=160
[TRACE] 2024-08-06 00:04:04.749 [AsyncHttpClient-3-2] WebSocket08FrameDecoder - Decoding WebSocket Frame opCode=1
[TRACE] 2024-08-06 00:04:04.749 [AsyncHttpClient-3-2] WebSocket08FrameDecoder - Decoding WebSocket Frame length=79
[TRACE] 2024-08-06 00:04:04.751 [AsyncHttpClient-3-2] WebSocket08FrameEncoder - Encoding WebSocket Frame opCode=1 length=181
[TRACE] 2024-08-06 00:04:04.754 [AsyncHttpClient-3-2] WebSocket08FrameDecoder - Decoding WebSocket Frame opCode=1
[TRACE] 2024-08-06 00:04:04.754 [AsyncHttpClient-3-2] WebSocket08FrameDecoder - Decoding WebSocket Frame length=4325
